{"D:\\Slider\\src\\plugin\\EventObserver\\EventObserver.ts": {"path":"D:\\Slider\\src\\plugin\\EventObserver\\EventObserver.ts","statementMap":{"0":{"start":{"line":1,"column":0},"end":{"line":1,"column":null}},"1":{"start":{"line":5,"column":4},"end":{"line":5,"column":24}},"2":{"start":{"line":8,"column":2},"end":{"line":10,"column":null}},"3":{"start":{"line":9,"column":4},"end":{"line":9,"column":28}},"4":{"start":{"line":12,"column":2},"end":{"line":14,"column":null}},"5":{"start":{"line":13,"column":4},"end":{"line":13,"column":88}},"6":{"start":{"line":13,"column":69},"end":{"line":13,"column":87}},"7":{"start":{"line":16,"column":2},"end":{"line":20,"column":null}},"8":{"start":{"line":17,"column":4},"end":{"line":19,"column":7}},"9":{"start":{"line":18,"column":6},"end":{"line":18,"column":23}},"10":{"start":{"line":21,"column":0},"end":{"line":21,"column":null}},"11":{"start":{"line":23,"column":9},"end":{"line":23,"column":22}}},"fnMap":{"0":{"name":"(anonymous_0)","decl":{"start":{"line":1,"column":0},"end":{"line":1,"column":null}},"loc":{"start":{"line":1,"column":0},"end":{"line":21,"column":null}}},"1":{"name":"EventObserver","decl":{"start":{"line":4,"column":2},"end":{"line":4,"column":null}},"loc":{"start":{"line":4,"column":2},"end":{"line":6,"column":3}}},"2":{"name":"(anonymous_2)","decl":{"start":{"line":8,"column":2},"end":{"line":8,"column":11}},"loc":{"start":{"line":8,"column":24},"end":{"line":10,"column":3}}},"3":{"name":"(anonymous_3)","decl":{"start":{"line":12,"column":2},"end":{"line":12,"column":13}},"loc":{"start":{"line":12,"column":26},"end":{"line":14,"column":3}}},"4":{"name":"(anonymous_4)","decl":{"start":{"line":13,"column":43},"end":{"line":13,"column":44}},"loc":{"start":{"line":13,"column":64},"end":{"line":13,"column":79}}},"5":{"name":"(anonymous_5)","decl":{"start":{"line":16,"column":2},"end":{"line":16,"column":11}},"loc":{"start":{"line":16,"column":21},"end":{"line":20,"column":3}}},"6":{"name":"(anonymous_6)","decl":{"start":{"line":17,"column":27},"end":{"line":17,"column":28}},"loc":{"start":{"line":17,"column":48},"end":{"line":19,"column":5}}}},"branchMap":{},"s":{"0":3,"1":25,"2":3,"3":5,"4":3,"5":0,"6":0,"7":3,"8":72,"9":0,"10":3,"11":3},"f":{"0":3,"1":25,"2":5,"3":0,"4":0,"5":72,"6":0},"b":{}}
,"D:\\Slider\\src\\plugin\\Model\\Model.ts": {"path":"D:\\Slider\\src\\plugin\\Model\\Model.ts","statementMap":{"0":{"start":{"line":2,"column":0},"end":{"line":2,"column":63}},"1":{"start":{"line":3,"column":0},"end":{"line":3,"column":53}},"2":{"start":{"line":7,"column":0},"end":{"line":7,"column":null}},"3":{"start":{"line":9,"column":9},"end":{"line":9,"column":63}},"4":{"start":{"line":10,"column":9},"end":{"line":10,"column":62}},"5":{"start":{"line":15,"column":4},"end":{"line":15,"column":41}},"6":{"start":{"line":16,"column":4},"end":{"line":16,"column":null}},"7":{"start":{"line":22,"column":2},"end":{"line":24,"column":null}},"8":{"start":{"line":23,"column":4},"end":{"line":23,"column":31}},"9":{"start":{"line":25,"column":2},"end":{"line":31,"column":null}},"10":{"start":{"line":25,"column":2},"end":{"line":25,"column":13}},"11":{"start":{"line":25,"column":14},"end":{"line":25,"column":null}},"12":{"start":{"line":26,"column":4},"end":{"line":28,"column":7}},"13":{"start":{"line":26,"column":41},"end":{"line":26,"column":43}},"14":{"start":{"line":26,"column":48},"end":{"line":26,"column":49}},"15":{"start":{"line":27,"column":6},"end":{"line":27,"column":73}},"16":{"start":{"line":29,"column":4},"end":{"line":29,"column":27}},"17":{"start":{"line":35,"column":10},"end":{"line":39,"column":null}},"18":{"start":{"line":36,"column":24},"end":{"line":36,"column":46}},"19":{"start":{"line":37,"column":23},"end":{"line":37,"column":48}},"20":{"start":{"line":38,"column":4},"end":{"line":38,"column":44}},"21":{"start":{"line":41,"column":10},"end":{"line":43,"column":null}},"22":{"start":{"line":42,"column":4},"end":{"line":42,"column":53}},"23":{"start":{"line":45,"column":10},"end":{"line":103,"column":null}},"24":{"start":{"line":48,"column":4},"end":{"line":48,"column":null}},"25":{"start":{"line":50,"column":26},"end":{"line":50,"column":63}},"26":{"start":{"line":51,"column":24},"end":{"line":51,"column":59}},"27":{"start":{"line":52,"column":26},"end":{"line":52,"column":63}},"28":{"start":{"line":53,"column":25},"end":{"line":53,"column":61}},"29":{"start":{"line":54,"column":25},"end":{"line":54,"column":61}},"30":{"start":{"line":55,"column":29},"end":{"line":55,"column":70}},"31":{"start":{"line":56,"column":17},"end":{"line":57,"column":25}},"32":{"start":{"line":58,"column":15},"end":{"line":58,"column":96}},"33":{"start":{"line":59,"column":17},"end":{"line":59,"column":75}},"34":{"start":{"line":60,"column":16},"end":{"line":60,"column":71}},"35":{"start":{"line":61,"column":16},"end":{"line":61,"column":71}},"36":{"start":{"line":62,"column":20},"end":{"line":62,"column":87}},"37":{"start":{"line":64,"column":26},"end":{"line":64,"column":55}},"38":{"start":{"line":65,"column":27},"end":{"line":65,"column":44}},"39":{"start":{"line":66,"column":28},"end":{"line":66,"column":45}},"40":{"start":{"line":67,"column":28},"end":{"line":67,"column":47}},"41":{"start":{"line":68,"column":27},"end":{"line":68,"column":46}},"42":{"start":{"line":70,"column":4},"end":{"line":102,"column":null}},"43":{"start":{"line":75,"column":8},"end":{"line":75,"column":43}},"44":{"start":{"line":77,"column":8},"end":{"line":79,"column":null}},"45":{"start":{"line":78,"column":10},"end":{"line":78,"column":34}},"46":{"start":{"line":80,"column":8},"end":{"line":80,"column":19}},"47":{"start":{"line":82,"column":8},"end":{"line":84,"column":null}},"48":{"start":{"line":83,"column":10},"end":{"line":83,"column":34}},"49":{"start":{"line":85,"column":8},"end":{"line":85,"column":19}},"50":{"start":{"line":87,"column":8},"end":{"line":89,"column":null}},"51":{"start":{"line":88,"column":10},"end":{"line":88,"column":35}},"52":{"start":{"line":90,"column":8},"end":{"line":90,"column":20}},"53":{"start":{"line":92,"column":8},"end":{"line":92,"column":80}},"54":{"start":{"line":92,"column":39},"end":{"line":92,"column":80}},"55":{"start":{"line":93,"column":8},"end":{"line":93,"column":35}},"56":{"start":{"line":93,"column":24},"end":{"line":93,"column":35}},"57":{"start":{"line":94,"column":8},"end":{"line":94,"column":35}},"58":{"start":{"line":94,"column":24},"end":{"line":94,"column":35}},"59":{"start":{"line":95,"column":8},"end":{"line":95,"column":20}},"60":{"start":{"line":97,"column":8},"end":{"line":97,"column":74}},"61":{"start":{"line":97,"column":29},"end":{"line":97,"column":74}},"62":{"start":{"line":98,"column":8},"end":{"line":98,"column":33}},"63":{"start":{"line":98,"column":22},"end":{"line":98,"column":33}},"64":{"start":{"line":99,"column":8},"end":{"line":99,"column":33}},"65":{"start":{"line":99,"column":22},"end":{"line":99,"column":33}},"66":{"start":{"line":100,"column":8},"end":{"line":100,"column":18}},"67":{"start":{"line":101,"column":15},"end":{"line":101,"column":27}},"68":{"start":{"line":111,"column":2},"end":{"line":114,"column":null}},"69":{"start":{"line":112,"column":25},"end":{"line":112,"column":43}},"70":{"start":{"line":112,"column":15},"end":{"line":112,"column":17}},"71":{"start":{"line":112,"column":20},"end":{"line":112,"column":25}},"72":{"start":{"line":113,"column":4},"end":{"line":113,"column":58}},"73":{"start":{"line":115,"column":2},"end":{"line":118,"column":null}},"74":{"start":{"line":116,"column":26},"end":{"line":116,"column":44}},"75":{"start":{"line":116,"column":15},"end":{"line":116,"column":17}},"76":{"start":{"line":116,"column":21},"end":{"line":116,"column":26}},"77":{"start":{"line":117,"column":4},"end":{"line":117,"column":57}},"78":{"start":{"line":119,"column":2},"end":{"line":122,"column":null}},"79":{"start":{"line":120,"column":25},"end":{"line":120,"column":43}},"80":{"start":{"line":120,"column":15},"end":{"line":120,"column":17}},"81":{"start":{"line":120,"column":20},"end":{"line":120,"column":25}},"82":{"start":{"line":121,"column":4},"end":{"line":121,"column":55}},"83":{"start":{"line":123,"column":2},"end":{"line":136,"column":null}},"84":{"start":{"line":124,"column":29},"end":{"line":124,"column":78}},"85":{"start":{"line":125,"column":4},"end":{"line":133,"column":null}},"86":{"start":{"line":127,"column":8},"end":{"line":127,"column":45}},"87":{"start":{"line":128,"column":8},"end":{"line":128,"column":14}},"88":{"start":{"line":130,"column":8},"end":{"line":130,"column":43}},"89":{"start":{"line":131,"column":8},"end":{"line":131,"column":14}},"90":{"start":{"line":135,"column":4},"end":{"line":135,"column":27}},"91":{"start":{"line":139,"column":2},"end":{"line":158,"column":null}},"92":{"start":{"line":141,"column":23},"end":{"line":141,"column":41}},"93":{"start":{"line":141,"column":15},"end":{"line":141,"column":17}},"94":{"start":{"line":141,"column":19},"end":{"line":141,"column":23}},"95":{"start":{"line":142,"column":31},"end":{"line":142,"column":66}},"96":{"start":{"line":143,"column":22},"end":{"line":143,"column":71}},"97":{"start":{"line":144,"column":30},"end":{"line":144,"column":68}},"98":{"start":{"line":145,"column":53},"end":{"line":145,"column":101}},"99":{"start":{"line":146,"column":29},"end":{"line":146,"column":62}},"100":{"start":{"line":147,"column":20},"end":{"line":147,"column":67}},"101":{"start":{"line":148,"column":28},"end":{"line":148,"column":64}},"102":{"start":{"line":149,"column":51},"end":{"line":149,"column":97}},"103":{"start":{"line":150,"column":42},"end":{"line":150,"column":60}},"104":{"start":{"line":150,"column":17},"end":{"line":150,"column":19}},"105":{"start":{"line":150,"column":29},"end":{"line":150,"column":31}},"106":{"start":{"line":150,"column":38},"end":{"line":150,"column":42}},"107":{"start":{"line":151,"column":4},"end":{"line":151,"column":null}},"108":{"start":{"line":152,"column":4},"end":{"line":157,"column":9}},"109":{"start":{"line":161,"column":2},"end":{"line":161,"column":null}},"110":{"start":{"line":166,"column":9},"end":{"line":166,"column":14}}},"fnMap":{"0":{"name":"(anonymous_2)","decl":{"start":{"line":7,"column":0},"end":{"line":7,"column":null}},"loc":{"start":{"line":7,"column":0},"end":{"line":161,"column":null}}},"1":{"name":"Model","decl":{"start":{"line":14,"column":2},"end":{"line":14,"column":14}},"loc":{"start":{"line":14,"column":36},"end":{"line":20,"column":3}}},"2":{"name":"(anonymous_4)","decl":{"start":{"line":22,"column":2},"end":{"line":22,"column":13}},"loc":{"start":{"line":22,"column":2},"end":{"line":24,"column":3}}},"3":{"name":"(anonymous_5)","decl":{"start":{"line":25,"column":2},"end":{"line":25,"column":13}},"loc":{"start":{"line":25,"column":41},"end":{"line":31,"column":3}}},"4":{"name":"(anonymous_6)","decl":{"start":{"line":26,"column":36},"end":{"line":26,"column":37}},"loc":{"start":{"line":26,"column":49},"end":{"line":28,"column":5}}},"5":{"name":"(anonymous_7)","decl":{"start":{"line":35,"column":2},"end":{"line":35,"column":10}},"loc":{"start":{"line":35,"column":66},"end":{"line":39,"column":3}}},"6":{"name":"(anonymous_8)","decl":{"start":{"line":41,"column":2},"end":{"line":41,"column":10}},"loc":{"start":{"line":41,"column":67},"end":{"line":43,"column":3}}},"7":{"name":"(anonymous_9)","decl":{"start":{"line":45,"column":2},"end":{"line":45,"column":10}},"loc":{"start":{"line":48,"column":35},"end":{"line":103,"column":3}}},"8":{"name":"(anonymous_10)","decl":{"start":{"line":111,"column":2},"end":{"line":111,"column":26}},"loc":{"start":{"line":111,"column":53},"end":{"line":114,"column":3}}},"9":{"name":"(anonymous_11)","decl":{"start":{"line":115,"column":2},"end":{"line":115,"column":24}},"loc":{"start":{"line":115,"column":38},"end":{"line":118,"column":3}}},"10":{"name":"(anonymous_12)","decl":{"start":{"line":119,"column":2},"end":{"line":119,"column":26}},"loc":{"start":{"line":119,"column":48},"end":{"line":122,"column":3}}},"11":{"name":"(anonymous_13)","decl":{"start":{"line":123,"column":2},"end":{"line":123,"column":12}},"loc":{"start":{"line":123,"column":62},"end":{"line":136,"column":3}}},"12":{"name":"(anonymous_14)","decl":{"start":{"line":139,"column":2},"end":{"line":139,"column":17}},"loc":{"start":{"line":139,"column":2},"end":{"line":158,"column":1}}}},"branchMap":{"0":{"loc":{"start":{"line":25,"column":14},"end":{"line":25,"column":null}},"type":"if","locations":[{"start":{"line":25,"column":14},"end":{"line":25,"column":null}},{"start":{"line":25,"column":14},"end":{"line":25,"column":null}}]},"1":{"loc":{"start":{"line":38,"column":25},"end":{"line":38,"column":36}},"type":"cond-expr","locations":[{"start":{"line":38,"column":25},"end":{"line":38,"column":36}},{"start":{"line":38,"column":39},"end":{"line":38,"column":43}}]},"2":{"loc":{"start":{"line":42,"column":40},"end":{"line":42,"column":45}},"type":"cond-expr","locations":[{"start":{"line":42,"column":40},"end":{"line":42,"column":45}},{"start":{"line":42,"column":48},"end":{"line":42,"column":52}}]},"3":{"loc":{"start":{"line":48,"column":4},"end":{"line":48,"column":null}},"type":"if","locations":[{"start":{"line":48,"column":4},"end":{"line":48,"column":null}},{"start":{"line":48,"column":4},"end":{"line":48,"column":null}}]},"4":{"loc":{"start":{"line":56,"column":42},"end":{"line":56,"column":84}},"type":"cond-expr","locations":[{"start":{"line":56,"column":42},"end":{"line":56,"column":84}},{"start":{"line":57,"column":8},"end":{"line":57,"column":25}}]},"5":{"loc":{"start":{"line":58,"column":38},"end":{"line":58,"column":78}},"type":"cond-expr","locations":[{"start":{"line":58,"column":38},"end":{"line":58,"column":78}},{"start":{"line":58,"column":81},"end":{"line":58,"column":96}}]},"6":{"loc":{"start":{"line":59,"column":42},"end":{"line":59,"column":55}},"type":"cond-expr","locations":[{"start":{"line":59,"column":42},"end":{"line":59,"column":55}},{"start":{"line":59,"column":58},"end":{"line":59,"column":75}}]},"7":{"loc":{"start":{"line":60,"column":40},"end":{"line":60,"column":52}},"type":"cond-expr","locations":[{"start":{"line":60,"column":40},"end":{"line":60,"column":52}},{"start":{"line":60,"column":55},"end":{"line":60,"column":71}}]},"8":{"loc":{"start":{"line":61,"column":40},"end":{"line":61,"column":52}},"type":"cond-expr","locations":[{"start":{"line":61,"column":40},"end":{"line":61,"column":52}},{"start":{"line":61,"column":55},"end":{"line":61,"column":71}}]},"9":{"loc":{"start":{"line":62,"column":48},"end":{"line":62,"column":64}},"type":"cond-expr","locations":[{"start":{"line":62,"column":48},"end":{"line":62,"column":64}},{"start":{"line":62,"column":67},"end":{"line":62,"column":87}}]},"10":{"loc":{"start":{"line":64,"column":26},"end":{"line":64,"column":35}},"type":"binary-expr","locations":[{"start":{"line":64,"column":26},"end":{"line":64,"column":35}},{"start":{"line":64,"column":39},"end":{"line":64,"column":55}}]},"11":{"loc":{"start":{"line":71,"column":6},"end":{"line":71,"column":20}},"type":"switch","locations":[{"start":{"line":71,"column":6},"end":{"line":71,"column":20}},{"start":{"line":72,"column":6},"end":{"line":72,"column":21}},{"start":{"line":73,"column":6},"end":{"line":73,"column":24}},{"start":{"line":74,"column":6},"end":{"line":75,"column":43}},{"start":{"line":76,"column":6},"end":{"line":80,"column":19}},{"start":{"line":81,"column":6},"end":{"line":85,"column":19}},{"start":{"line":86,"column":6},"end":{"line":90,"column":20}},{"start":{"line":91,"column":6},"end":{"line":95,"column":20}},{"start":{"line":96,"column":6},"end":{"line":100,"column":18}},{"start":{"line":101,"column":6},"end":{"line":101,"column":27}}]},"12":{"loc":{"start":{"line":77,"column":8},"end":{"line":79,"column":null}},"type":"if","locations":[{"start":{"line":77,"column":8},"end":{"line":79,"column":null}},{"start":{"line":77,"column":8},"end":{"line":79,"column":null}}]},"13":{"loc":{"start":{"line":82,"column":8},"end":{"line":84,"column":null}},"type":"if","locations":[{"start":{"line":82,"column":8},"end":{"line":84,"column":null}},{"start":{"line":82,"column":8},"end":{"line":84,"column":null}}]},"14":{"loc":{"start":{"line":87,"column":8},"end":{"line":89,"column":null}},"type":"if","locations":[{"start":{"line":87,"column":8},"end":{"line":89,"column":null}},{"start":{"line":87,"column":8},"end":{"line":89,"column":null}}]},"15":{"loc":{"start":{"line":92,"column":8},"end":{"line":92,"column":80}},"type":"if","locations":[{"start":{"line":92,"column":8},"end":{"line":92,"column":80}},{"start":{"line":92,"column":8},"end":{"line":92,"column":80}}]},"16":{"loc":{"start":{"line":92,"column":12},"end":{"line":92,"column":19}},"type":"binary-expr","locations":[{"start":{"line":92,"column":12},"end":{"line":92,"column":19}},{"start":{"line":92,"column":23},"end":{"line":92,"column":37}}]},"17":{"loc":{"start":{"line":92,"column":64},"end":{"line":92,"column":73}},"type":"cond-expr","locations":[{"start":{"line":92,"column":64},"end":{"line":92,"column":73}},{"start":{"line":92,"column":76},"end":{"line":92,"column":79}}]},"18":{"loc":{"start":{"line":93,"column":8},"end":{"line":93,"column":35}},"type":"if","locations":[{"start":{"line":93,"column":8},"end":{"line":93,"column":35}},{"start":{"line":93,"column":8},"end":{"line":93,"column":35}}]},"19":{"loc":{"start":{"line":94,"column":8},"end":{"line":94,"column":35}},"type":"if","locations":[{"start":{"line":94,"column":8},"end":{"line":94,"column":35}},{"start":{"line":94,"column":8},"end":{"line":94,"column":35}}]},"20":{"loc":{"start":{"line":97,"column":8},"end":{"line":97,"column":74}},"type":"if","locations":[{"start":{"line":97,"column":8},"end":{"line":97,"column":74}},{"start":{"line":97,"column":8},"end":{"line":97,"column":74}}]},"21":{"loc":{"start":{"line":97,"column":56},"end":{"line":97,"column":67}},"type":"cond-expr","locations":[{"start":{"line":97,"column":56},"end":{"line":97,"column":67}},{"start":{"line":97,"column":70},"end":{"line":97,"column":73}}]},"22":{"loc":{"start":{"line":98,"column":8},"end":{"line":98,"column":33}},"type":"if","locations":[{"start":{"line":98,"column":8},"end":{"line":98,"column":33}},{"start":{"line":98,"column":8},"end":{"line":98,"column":33}}]},"23":{"loc":{"start":{"line":99,"column":8},"end":{"line":99,"column":33}},"type":"if","locations":[{"start":{"line":99,"column":8},"end":{"line":99,"column":33}},{"start":{"line":99,"column":8},"end":{"line":99,"column":33}}]},"24":{"loc":{"start":{"line":126,"column":6},"end":{"line":128,"column":14}},"type":"switch","locations":[{"start":{"line":126,"column":6},"end":{"line":128,"column":14}},{"start":{"line":129,"column":6},"end":{"line":131,"column":14}},{"start":{"line":132,"column":6},"end":{"line":132,"column":14}}]}},"s":{"0":1,"1":1,"2":1,"3":10,"4":10,"5":10,"6":10,"7":1,"8":434,"9":1,"10":33,"11":33,"12":33,"13":73,"14":73,"15":73,"16":33,"17":1,"18":365,"19":365,"20":365,"21":1,"22":90,"23":1,"24":73,"25":73,"26":73,"27":73,"28":73,"29":73,"30":73,"31":73,"32":73,"33":73,"34":73,"35":73,"36":73,"37":73,"38":73,"39":73,"40":73,"41":73,"42":73,"43":17,"44":13,"45":1,"46":12,"47":14,"48":1,"49":13,"50":15,"51":1,"52":14,"53":7,"54":0,"55":7,"56":0,"57":7,"58":1,"59":6,"60":7,"61":0,"62":7,"63":0,"64":7,"65":0,"66":7,"67":0,"68":1,"69":73,"70":73,"71":73,"72":73,"73":1,"74":129,"75":129,"76":129,"77":129,"78":1,"79":141,"80":141,"81":141,"82":141,"83":1,"84":2,"85":2,"86":1,"87":1,"88":1,"89":1,"90":2,"91":1,"92":35,"93":35,"94":35,"95":35,"96":35,"97":35,"98":35,"99":35,"100":35,"101":35,"102":35,"103":35,"104":35,"105":35,"106":35,"107":35,"108":35,"109":1,"110":1},"f":{"0":1,"1":10,"2":434,"3":33,"4":73,"5":365,"6":90,"7":73,"8":73,"9":129,"10":141,"11":2,"12":35},"b":{"0":[0,33],"1":[232,133],"2":[78,12],"3":[0,73],"4":[29,44],"5":[29,44],"6":[59,14],"7":[57,16],"8":[58,15],"9":[61,12],"10":[73,72],"11":[1,1,2,17,13,14,15,7,7,0],"12":[1,12],"13":[1,13],"14":[1,14],"15":[0,7],"16":[7,6],"17":[0,0],"18":[0,7],"19":[1,6],"20":[0,7],"21":[0,0],"22":[0,7],"23":[0,7],"24":[1,1,0]}}
,"D:\\Slider\\src\\plugin\\Model\\defaultOptions.ts": {"path":"D:\\Slider\\src\\plugin\\Model\\defaultOptions.ts","statementMap":{"0":{"start":{"line":3,"column":38},"end":{"line":12,"column":2}},"1":{"start":{"line":14,"column":0},"end":{"line":14,"column":30}}},"fnMap":{},"branchMap":{},"s":{"0":1,"1":1},"f":{},"b":{}}
,"D:\\Slider\\src\\plugin\\View\\formuls.ts": {"path":"D:\\Slider\\src\\plugin\\View\\formuls.ts","statementMap":{"0":{"start":{"line":6,"column":51},"end":{"line":6,"column":59}},"1":{"start":{"line":7,"column":33},"end":{"line":7,"column":132}},"2":{"start":{"line":8,"column":26},"end":{"line":8,"column":64}},"3":{"start":{"line":9,"column":0},"end":{"line":9,"column":23}},"4":{"start":{"line":1,"column":0},"end":{"line":1,"column":16}},"5":{"start":{"line":18,"column":55},"end":{"line":18,"column":63}},"6":{"start":{"line":19,"column":33},"end":{"line":19,"column":132}},"7":{"start":{"line":20,"column":24},"end":{"line":20,"column":64}},"8":{"start":{"line":21,"column":2},"end":{"line":21,"column":23}},"9":{"start":{"line":13,"column":0},"end":{"line":13,"column":16}},"10":{"start":{"line":26,"column":2},"end":{"line":26,"column":53}},"11":{"start":{"line":24,"column":0},"end":{"line":24,"column":16}}},"fnMap":{"0":{"name":"calculateToPercents","decl":{"start":{"line":1,"column":16},"end":{"line":1,"column":35}},"loc":{"start":{"line":5,"column":1},"end":{"line":10,"column":1}}},"1":{"name":"calculateToPixels","decl":{"start":{"line":13,"column":16},"end":{"line":13,"column":33}},"loc":{"start":{"line":17,"column":1},"end":{"line":22,"column":1}}},"2":{"name":"calculateValueToPercents","decl":{"start":{"line":24,"column":16},"end":{"line":24,"column":40}},"loc":{"start":{"line":24,"column":88},"end":{"line":27,"column":1}}}},"branchMap":{"0":{"loc":{"start":{"line":7,"column":46},"end":{"line":7,"column":88}},"type":"cond-expr","locations":[{"start":{"line":7,"column":46},"end":{"line":7,"column":88}},{"start":{"line":7,"column":91},"end":{"line":7,"column":132}}]},"1":{"loc":{"start":{"line":19,"column":46},"end":{"line":19,"column":88}},"type":"cond-expr","locations":[{"start":{"line":19,"column":46},"end":{"line":19,"column":88}},{"start":{"line":19,"column":91},"end":{"line":19,"column":132}}]}},"s":{"0":33,"1":11,"2":11,"3":11,"4":2,"5":12,"6":4,"7":4,"8":4,"9":2,"10":4,"11":2},"f":{"0":11,"1":4,"2":4},"b":{"0":[5,6],"1":[2,2]}}
,"D:\\Slider\\src\\plugin\\View\\RangePathLine\\RangePathLine.ts": {"path":"D:\\Slider\\src\\plugin\\View\\RangePathLine\\RangePathLine.ts","statementMap":{"0":{"start":{"line":1,"column":0},"end":{"line":1,"column":null}},"1":{"start":{"line":6,"column":4},"end":{"line":6,"column":26}},"2":{"start":{"line":10,"column":10},"end":{"line":17,"column":null}},"3":{"start":{"line":12,"column":4},"end":{"line":12,"column":50}},"4":{"start":{"line":13,"column":4},"end":{"line":13,"column":63}},"5":{"start":{"line":14,"column":4},"end":{"line":14,"column":50}},"6":{"start":{"line":15,"column":4},"end":{"line":15,"column":63}},"7":{"start":{"line":20,"column":0},"end":{"line":20,"column":null}},"8":{"start":{"line":24,"column":9},"end":{"line":24,"column":22}}},"fnMap":{"0":{"name":"(anonymous_0)","decl":{"start":{"line":1,"column":0},"end":{"line":1,"column":null}},"loc":{"start":{"line":1,"column":0},"end":{"line":20,"column":null}}},"1":{"name":"RangePathLine","decl":{"start":{"line":4,"column":2},"end":{"line":4,"column":null}},"loc":{"start":{"line":4,"column":2},"end":{"line":7,"column":3}}},"2":{"name":"(anonymous_2)","decl":{"start":{"line":10,"column":2},"end":{"line":10,"column":10}},"loc":{"start":{"line":10,"column":2},"end":{"line":17,"column":3}}}},"branchMap":{},"s":{"0":1,"1":1,"2":1,"3":1,"4":1,"5":1,"6":1,"7":1,"8":1},"f":{"0":1,"1":1,"2":1},"b":{}}
,"D:\\Slider\\src\\plugin\\View\\Scale\\Scale.ts": {"path":"D:\\Slider\\src\\plugin\\View\\Scale\\Scale.ts","statementMap":{"0":{"start":{"line":4,"column":0},"end":{"line":4,"column":null}},"1":{"start":{"line":17,"column":4},"end":{"line":17,"column":26}},"2":{"start":{"line":21,"column":10},"end":{"line":45,"column":null}},"3":{"start":{"line":23,"column":4},"end":{"line":23,"column":47}},"4":{"start":{"line":24,"column":4},"end":{"line":24,"column":56}},"5":{"start":{"line":25,"column":4},"end":{"line":25,"column":53}},"6":{"start":{"line":26,"column":4},"end":{"line":26,"column":68}},"7":{"start":{"line":27,"column":4},"end":{"line":27,"column":40}},"8":{"start":{"line":28,"column":4},"end":{"line":28,"column":53}},"9":{"start":{"line":29,"column":4},"end":{"line":29,"column":68}},"10":{"start":{"line":30,"column":4},"end":{"line":30,"column":40}},"11":{"start":{"line":31,"column":4},"end":{"line":31,"column":53}},"12":{"start":{"line":32,"column":4},"end":{"line":32,"column":68}},"13":{"start":{"line":33,"column":4},"end":{"line":33,"column":40}},"14":{"start":{"line":34,"column":4},"end":{"line":34,"column":53}},"15":{"start":{"line":35,"column":4},"end":{"line":35,"column":68}},"16":{"start":{"line":36,"column":4},"end":{"line":36,"column":40}},"17":{"start":{"line":37,"column":4},"end":{"line":37,"column":53}},"18":{"start":{"line":38,"column":4},"end":{"line":38,"column":68}},"19":{"start":{"line":39,"column":4},"end":{"line":39,"column":40}},"20":{"start":{"line":40,"column":4},"end":{"line":40,"column":53}},"21":{"start":{"line":41,"column":4},"end":{"line":41,"column":68}},"22":{"start":{"line":42,"column":4},"end":{"line":42,"column":40}},"23":{"start":{"line":47,"column":2},"end":{"line":55,"column":null}},"24":{"start":{"line":48,"column":4},"end":{"line":53,"column":47}},"25":{"start":{"line":59,"column":0},"end":{"line":59,"column":null}},"26":{"start":{"line":61,"column":9},"end":{"line":61,"column":14}}},"fnMap":{"0":{"name":"(anonymous_0)","decl":{"start":{"line":4,"column":0},"end":{"line":4,"column":null}},"loc":{"start":{"line":4,"column":0},"end":{"line":59,"column":null}}},"1":{"name":"Scale","decl":{"start":{"line":16,"column":2},"end":{"line":16,"column":null}},"loc":{"start":{"line":16,"column":2},"end":{"line":19,"column":3}}},"2":{"name":"(anonymous_2)","decl":{"start":{"line":21,"column":2},"end":{"line":21,"column":10}},"loc":{"start":{"line":21,"column":2},"end":{"line":45,"column":3}}},"3":{"name":"(anonymous_3)","decl":{"start":{"line":47,"column":2},"end":{"line":47,"column":19}},"loc":{"start":{"line":47,"column":42},"end":{"line":55,"column":3}}}},"branchMap":{},"s":{"0":1,"1":4,"2":1,"3":4,"4":4,"5":4,"6":4,"7":4,"8":4,"9":4,"10":4,"11":4,"12":4,"13":4,"14":4,"15":4,"16":4,"17":4,"18":4,"19":4,"20":4,"21":4,"22":4,"23":1,"24":0,"25":1,"26":1},"f":{"0":1,"1":4,"2":4,"3":0},"b":{}}
,"D:\\Slider\\src\\plugin\\View\\SliderPath\\SliderPath.ts": {"path":"D:\\Slider\\src\\plugin\\View\\SliderPath\\SliderPath.ts","statementMap":{"0":{"start":{"line":1,"column":0},"end":{"line":1,"column":63}},"1":{"start":{"line":2,"column":0},"end":{"line":2,"column":51}},"2":{"start":{"line":3,"column":0},"end":{"line":3,"column":39}},"3":{"start":{"line":4,"column":0},"end":{"line":4,"column":66}},"4":{"start":{"line":5,"column":0},"end":{"line":5,"column":34}},"5":{"start":{"line":7,"column":0},"end":{"line":7,"column":94}},"6":{"start":{"line":10,"column":0},"end":{"line":10,"column":null}},"7":{"start":{"line":11,"column":2},"end":{"line":11,"column":33}},"8":{"start":{"line":41,"column":2},"end":{"line":41,"column":24}},"9":{"start":{"line":48,"column":10},"end":{"line":57,"column":null}},"10":{"start":{"line":49,"column":4},"end":{"line":49,"column":53}},"11":{"start":{"line":50,"column":4},"end":{"line":50,"column":61}},"12":{"start":{"line":51,"column":4},"end":{"line":51,"column":45}},"13":{"start":{"line":52,"column":4},"end":{"line":52,"column":57}},"14":{"start":{"line":53,"column":4},"end":{"line":53,"column":57}},"15":{"start":{"line":54,"column":4},"end":{"line":54,"column":60}},"16":{"start":{"line":55,"column":4},"end":{"line":55,"column":64}},"17":{"start":{"line":59,"column":2},"end":{"line":66,"column":null}},"18":{"start":{"line":60,"column":6},"end":{"line":60,"column":60}},"19":{"start":{"line":61,"column":6},"end":{"line":61,"column":64}},"20":{"start":{"line":62,"column":6},"end":{"line":62,"column":75}},"21":{"start":{"line":63,"column":6},"end":{"line":63,"column":73}},"22":{"start":{"line":64,"column":6},"end":{"line":64,"column":31}},"23":{"start":{"line":65,"column":6},"end":{"line":65,"column":48}},"24":{"start":{"line":68,"column":1},"end":{"line":72,"column":null}},"25":{"start":{"line":69,"column":4},"end":{"line":69,"column":73}},"26":{"start":{"line":70,"column":4},"end":{"line":70,"column":29}},"27":{"start":{"line":71,"column":4},"end":{"line":71,"column":46}},"28":{"start":{"line":74,"column":9},"end":{"line":83,"column":null}},"29":{"start":{"line":79,"column":53},"end":{"line":79,"column":58}},"30":{"start":{"line":80,"column":4},"end":{"line":80,"column":73}},"31":{"start":{"line":81,"column":4},"end":{"line":81,"column":94}},"32":{"start":{"line":81,"column":29},"end":{"line":81,"column":94}},"33":{"start":{"line":82,"column":4},"end":{"line":82,"column":64}},"34":{"start":{"line":86,"column":2},"end":{"line":108,"column":null}},"35":{"start":{"line":87,"column":34},"end":{"line":87,"column":42}},"36":{"start":{"line":88,"column":6},"end":{"line":107,"column":null}},"37":{"start":{"line":89,"column":8},"end":{"line":96,"column":null}},"38":{"start":{"line":90,"column":10},"end":{"line":90,"column":71}},"39":{"start":{"line":91,"column":10},"end":{"line":91,"column":87}},"40":{"start":{"line":94,"column":10},"end":{"line":94,"column":55}},"41":{"start":{"line":95,"column":10},"end":{"line":95,"column":74}},"42":{"start":{"line":99,"column":8},"end":{"line":106,"column":null}},"43":{"start":{"line":100,"column":10},"end":{"line":100,"column":72}},"44":{"start":{"line":101,"column":10},"end":{"line":101,"column":86}},"45":{"start":{"line":104,"column":8},"end":{"line":104,"column":54}},"46":{"start":{"line":105,"column":8},"end":{"line":105,"column":71}},"47":{"start":{"line":109,"column":2},"end":{"line":112,"column":null}},"48":{"start":{"line":110,"column":4},"end":{"line":110,"column":39}},"49":{"start":{"line":111,"column":4},"end":{"line":111,"column":67}},"50":{"start":{"line":114,"column":2},"end":{"line":116,"column":null}},"51":{"start":{"line":115,"column":4},"end":{"line":115,"column":75}},"52":{"start":{"line":118,"column":2},"end":{"line":122,"column":null}},"53":{"start":{"line":119,"column":4},"end":{"line":119,"column":89}},"54":{"start":{"line":120,"column":4},"end":{"line":120,"column":72}},"55":{"start":{"line":125,"column":2},"end":{"line":156,"column":null}},"56":{"start":{"line":126,"column":18},"end":{"line":126,"column":53}},"57":{"start":{"line":128,"column":22},"end":{"line":128,"column":48}},"58":{"start":{"line":129,"column":3},"end":{"line":129,"column":73}},"59":{"start":{"line":130,"column":3},"end":{"line":130,"column":129}},"60":{"start":{"line":131,"column":3},"end":{"line":154,"column":null}},"61":{"start":{"line":132,"column":5},"end":{"line":141,"column":null}},"62":{"start":{"line":133,"column":6},"end":{"line":133,"column":331}},"63":{"start":{"line":134,"column":7},"end":{"line":134,"column":83}},"64":{"start":{"line":135,"column":7},"end":{"line":135,"column":222}},"65":{"start":{"line":135,"column":51},"end":{"line":135,"column":222}},"66":{"start":{"line":136,"column":7},"end":{"line":136,"column":220}},"67":{"start":{"line":136,"column":51},"end":{"line":136,"column":220}},"68":{"start":{"line":140,"column":6},"end":{"line":140,"column":187}},"69":{"start":{"line":145,"column":4},"end":{"line":153,"column":null}},"70":{"start":{"line":146,"column":6},"end":{"line":146,"column":334}},"71":{"start":{"line":147,"column":7},"end":{"line":147,"column":85}},"72":{"start":{"line":148,"column":7},"end":{"line":148,"column":224}},"73":{"start":{"line":148,"column":52},"end":{"line":148,"column":224}},"74":{"start":{"line":149,"column":7},"end":{"line":149,"column":222}},"75":{"start":{"line":149,"column":52},"end":{"line":149,"column":222}},"76":{"start":{"line":152,"column":7},"end":{"line":152,"column":188}},"77":{"start":{"line":157,"column":1},"end":{"line":160,"column":null}},"78":{"start":{"line":158,"column":2},"end":{"line":158,"column":35}},"79":{"start":{"line":159,"column":2},"end":{"line":159,"column":52}},"80":{"start":{"line":161,"column":2},"end":{"line":165,"column":null}},"81":{"start":{"line":162,"column":4},"end":{"line":162,"column":76}},"82":{"start":{"line":163,"column":4},"end":{"line":163,"column":87}},"83":{"start":{"line":164,"column":4},"end":{"line":164,"column":98}},"84":{"start":{"line":167,"column":0},"end":{"line":170,"column":null}},"85":{"start":{"line":168,"column":2},"end":{"line":168,"column":88}},"86":{"start":{"line":169,"column":2},"end":{"line":169,"column":99}},"87":{"start":{"line":172,"column":0},"end":{"line":216,"column":null}},"88":{"start":{"line":173,"column":24},"end":{"line":173,"column":59}},"89":{"start":{"line":176,"column":2},"end":{"line":176,"column":25}},"90":{"start":{"line":177,"column":2},"end":{"line":214,"column":null}},"91":{"start":{"line":178,"column":4},"end":{"line":178,"column":20}},"92":{"start":{"line":179,"column":4},"end":{"line":179,"column":80}},"93":{"start":{"line":180,"column":4},"end":{"line":180,"column":null}},"94":{"start":{"line":181,"column":4},"end":{"line":189,"column":null}},"95":{"start":{"line":182,"column":6},"end":{"line":182,"column":331}},"96":{"start":{"line":184,"column":6},"end":{"line":184,"column":153}},"97":{"start":{"line":184,"column":49},"end":{"line":184,"column":153}},"98":{"start":{"line":185,"column":6},"end":{"line":185,"column":151}},"99":{"start":{"line":185,"column":49},"end":{"line":185,"column":151}},"100":{"start":{"line":188,"column":6},"end":{"line":188,"column":110}},"101":{"start":{"line":190,"column":4},"end":{"line":190,"column":79}},"102":{"start":{"line":191,"column":4},"end":{"line":191,"column":68}},"103":{"start":{"line":192,"column":4},"end":{"line":192,"column":100}},"104":{"start":{"line":193,"column":4},"end":{"line":193,"column":64}},"105":{"start":{"line":194,"column":4},"end":{"line":194,"column":79}},"106":{"start":{"line":197,"column":4},"end":{"line":197,"column":20}},"107":{"start":{"line":198,"column":4},"end":{"line":198,"column":82}},"108":{"start":{"line":199,"column":4},"end":{"line":199,"column":null}},"109":{"start":{"line":200,"column":4},"end":{"line":208,"column":null}},"110":{"start":{"line":201,"column":6},"end":{"line":201,"column":335}},"111":{"start":{"line":202,"column":6},"end":{"line":202,"column":154}},"112":{"start":{"line":202,"column":50},"end":{"line":202,"column":154}},"113":{"start":{"line":203,"column":6},"end":{"line":203,"column":152}},"114":{"start":{"line":203,"column":50},"end":{"line":203,"column":152}},"115":{"start":{"line":207,"column":6},"end":{"line":207,"column":110}},"116":{"start":{"line":209,"column":4},"end":{"line":209,"column":78}},"117":{"start":{"line":210,"column":4},"end":{"line":210,"column":68}},"118":{"start":{"line":211,"column":4},"end":{"line":211,"column":100}},"119":{"start":{"line":212,"column":4},"end":{"line":212,"column":64}},"120":{"start":{"line":213,"column":4},"end":{"line":213,"column":79}},"121":{"start":{"line":218,"column":7},"end":{"line":282,"column":null}},"122":{"start":{"line":220,"column":2},"end":{"line":280,"column":null}},"123":{"start":{"line":221,"column":4},"end":{"line":247,"column":null}},"124":{"start":{"line":222,"column":6},"end":{"line":222,"column":95}},"125":{"start":{"line":223,"column":6},"end":{"line":225,"column":null}},"126":{"start":{"line":224,"column":8},"end":{"line":224,"column":24}},"127":{"start":{"line":226,"column":22},"end":{"line":226,"column":153}},"128":{"start":{"line":228,"column":6},"end":{"line":230,"column":null}},"129":{"start":{"line":229,"column":8},"end":{"line":229,"column":32}},"130":{"start":{"line":232,"column":6},"end":{"line":232,"column":331}},"131":{"start":{"line":233,"column":6},"end":{"line":233,"column":313}},"132":{"start":{"line":233,"column":142},"end":{"line":233,"column":313}},"133":{"start":{"line":234,"column":6},"end":{"line":234,"column":309}},"134":{"start":{"line":234,"column":140},"end":{"line":234,"column":309}},"135":{"start":{"line":237,"column":6},"end":{"line":237,"column":95}},"136":{"start":{"line":238,"column":6},"end":{"line":240,"column":null}},"137":{"start":{"line":239,"column":8},"end":{"line":239,"column":24}},"138":{"start":{"line":241,"column":22},"end":{"line":241,"column":152}},"139":{"start":{"line":243,"column":6},"end":{"line":245,"column":null}},"140":{"start":{"line":244,"column":8},"end":{"line":244,"column":32}},"141":{"start":{"line":246,"column":6},"end":{"line":246,"column":177}},"142":{"start":{"line":251,"column":4},"end":{"line":278,"column":null}},"143":{"start":{"line":252,"column":6},"end":{"line":252,"column":97}},"144":{"start":{"line":253,"column":6},"end":{"line":255,"column":null}},"145":{"start":{"line":254,"column":8},"end":{"line":254,"column":25}},"146":{"start":{"line":256,"column":22},"end":{"line":256,"column":150}},"147":{"start":{"line":258,"column":6},"end":{"line":260,"column":null}},"148":{"start":{"line":259,"column":8},"end":{"line":259,"column":33}},"149":{"start":{"line":262,"column":6},"end":{"line":262,"column":334}},"150":{"start":{"line":263,"column":6},"end":{"line":263,"column":315}},"151":{"start":{"line":263,"column":143},"end":{"line":263,"column":315}},"152":{"start":{"line":264,"column":6},"end":{"line":264,"column":311}},"153":{"start":{"line":264,"column":141},"end":{"line":264,"column":311}},"154":{"start":{"line":267,"column":6},"end":{"line":267,"column":97}},"155":{"start":{"line":268,"column":6},"end":{"line":270,"column":null}},"156":{"start":{"line":269,"column":8},"end":{"line":269,"column":25}},"157":{"start":{"line":271,"column":22},"end":{"line":271,"column":150}},"158":{"start":{"line":273,"column":6},"end":{"line":275,"column":null}},"159":{"start":{"line":274,"column":8},"end":{"line":274,"column":33}},"160":{"start":{"line":277,"column":6},"end":{"line":277,"column":178}},"161":{"start":{"line":284,"column":7},"end":{"line":289,"column":null}},"162":{"start":{"line":286,"column":0},"end":{"line":286,"column":57}},"163":{"start":{"line":287,"column":0},"end":{"line":287,"column":62}},"164":{"start":{"line":291,"column":7},"end":{"line":293,"column":null}},"165":{"start":{"line":292,"column":0},"end":{"line":292,"column":13}},"166":{"start":{"line":295,"column":7},"end":{"line":298,"column":null}},"167":{"start":{"line":296,"column":4},"end":{"line":296,"column":68}},"168":{"start":{"line":297,"column":4},"end":{"line":297,"column":79}},"169":{"start":{"line":297,"column":17},"end":{"line":297,"column":79}},"170":{"start":{"line":302,"column":9},"end":{"line":309,"column":null}},"171":{"start":{"line":303,"column":38},"end":{"line":303,"column":43}},"172":{"start":{"line":304,"column":4},"end":{"line":304,"column":null}},"173":{"start":{"line":305,"column":4},"end":{"line":308,"column":7}},"174":{"start":{"line":310,"column":10},"end":{"line":323,"column":null}},"175":{"start":{"line":312,"column":6},"end":{"line":320,"column":null}},"176":{"start":{"line":314,"column":10},"end":{"line":314,"column":120}},"177":{"start":{"line":314,"column":34},"end":{"line":314,"column":120}},"178":{"start":{"line":315,"column":10},"end":{"line":315,"column":16}},"179":{"start":{"line":317,"column":10},"end":{"line":317,"column":98}},"180":{"start":{"line":318,"column":10},"end":{"line":318,"column":16}},"181":{"start":{"line":321,"column":6},"end":{"line":321,"column":null}},"182":{"start":{"line":325,"column":1},"end":{"line":331,"column":null}},"183":{"start":{"line":326,"column":2},"end":{"line":330,"column":null}},"184":{"start":{"line":327,"column":32},"end":{"line":327,"column":51}},"185":{"start":{"line":328,"column":30},"end":{"line":328,"column":47}},"186":{"start":{"line":329,"column":13},"end":{"line":329,"column":25}},"187":{"start":{"line":302,"column":2},"end":{"line":309,"column":null}},"188":{"start":{"line":334,"column":0},"end":{"line":334,"column":null}},"189":{"start":{"line":337,"column":9},"end":{"line":337,"column":19}}},"fnMap":{"0":{"name":"(anonymous_1)","decl":{"start":{"line":10,"column":0},"end":{"line":10,"column":null}},"loc":{"start":{"line":10,"column":0},"end":{"line":10,"column":null}}},"1":{"name":"SliderPath","decl":{"start":{"line":39,"column":2},"end":{"line":39,"column":null}},"loc":{"start":{"line":39,"column":2},"end":{"line":44,"column":3}}},"2":{"name":"(anonymous_3)","decl":{"start":{"line":48,"column":2},"end":{"line":48,"column":10}},"loc":{"start":{"line":48,"column":2},"end":{"line":57,"column":3}}},"3":{"name":"(anonymous_4)","decl":{"start":{"line":59,"column":2},"end":{"line":59,"column":11}},"loc":{"start":{"line":59,"column":2},"end":{"line":66,"column":5}}},"4":{"name":"(anonymous_5)","decl":{"start":{"line":68,"column":1},"end":{"line":68,"column":11}},"loc":{"start":{"line":68,"column":1},"end":{"line":72,"column":3}}},"5":{"name":"(anonymous_6)","decl":{"start":{"line":74,"column":2},"end":{"line":74,"column":9}},"loc":{"start":{"line":78,"column":3},"end":{"line":83,"column":3}}},"6":{"name":"(anonymous_7)","decl":{"start":{"line":86,"column":2},"end":{"line":86,"column":17}},"loc":{"start":{"line":86,"column":86},"end":{"line":108,"column":3}}},"7":{"name":"(anonymous_8)","decl":{"start":{"line":109,"column":2},"end":{"line":109,"column":29}},"loc":{"start":{"line":109,"column":89},"end":{"line":112,"column":3}}},"8":{"name":"(anonymous_9)","decl":{"start":{"line":114,"column":2},"end":{"line":114,"column":29}},"loc":{"start":{"line":114,"column":2},"end":{"line":116,"column":3}}},"9":{"name":"(anonymous_10)","decl":{"start":{"line":118,"column":2},"end":{"line":118,"column":27}},"loc":{"start":{"line":118,"column":87},"end":{"line":122,"column":3}}},"10":{"name":"(anonymous_11)","decl":{"start":{"line":125,"column":2},"end":{"line":125,"column":12}},"loc":{"start":{"line":125,"column":93},"end":{"line":156,"column":2}}},"11":{"name":"(anonymous_12)","decl":{"start":{"line":157,"column":1},"end":{"line":157,"column":26}},"loc":{"start":{"line":157,"column":62},"end":{"line":160,"column":1}}},"12":{"name":"(anonymous_13)","decl":{"start":{"line":161,"column":2},"end":{"line":161,"column":25}},"loc":{"start":{"line":161,"column":61},"end":{"line":165,"column":1}}},"13":{"name":"(anonymous_14)","decl":{"start":{"line":167,"column":0},"end":{"line":167,"column":25}},"loc":{"start":{"line":167,"column":0},"end":{"line":170,"column":1}}},"14":{"name":"(anonymous_15)","decl":{"start":{"line":172,"column":0},"end":{"line":172,"column":9}},"loc":{"start":{"line":172,"column":65},"end":{"line":216,"column":1}}},"15":{"name":"(anonymous_16)","decl":{"start":{"line":218,"column":0},"end":{"line":218,"column":7}},"loc":{"start":{"line":218,"column":74},"end":{"line":282,"column":1}}},"16":{"name":"(anonymous_17)","decl":{"start":{"line":284,"column":0},"end":{"line":284,"column":7}},"loc":{"start":{"line":284,"column":122},"end":{"line":289,"column":1}}},"17":{"name":"(anonymous_18)","decl":{"start":{"line":291,"column":0},"end":{"line":291,"column":7}},"loc":{"start":{"line":291,"column":0},"end":{"line":293,"column":1}}},"18":{"name":"(anonymous_19)","decl":{"start":{"line":295,"column":0},"end":{"line":295,"column":7}},"loc":{"start":{"line":295,"column":61},"end":{"line":298,"column":1}}},"19":{"name":"(anonymous_20)","decl":{"start":{"line":302,"column":2},"end":{"line":302,"column":9}},"loc":{"start":{"line":302,"column":84},"end":{"line":309,"column":3}}},"20":{"name":"(anonymous_21)","decl":{"start":{"line":310,"column":2},"end":{"line":310,"column":10}},"loc":{"start":{"line":310,"column":41},"end":{"line":323,"column":3}}},"21":{"name":"(anonymous_22)","decl":{"start":{"line":325,"column":1},"end":{"line":325,"column":17}},"loc":{"start":{"line":325,"column":36},"end":{"line":331,"column":1}}}},"branchMap":{"0":{"loc":{"start":{"line":81,"column":4},"end":{"line":81,"column":94}},"type":"if","locations":[{"start":{"line":81,"column":4},"end":{"line":81,"column":94}},{"start":{"line":81,"column":4},"end":{"line":81,"column":94}}]},"1":{"loc":{"start":{"line":88,"column":6},"end":{"line":107,"column":null}},"type":"if","locations":[{"start":{"line":88,"column":6},"end":{"line":107,"column":null}},{"start":{"line":88,"column":6},"end":{"line":107,"column":null}}]},"2":{"loc":{"start":{"line":89,"column":8},"end":{"line":96,"column":null}},"type":"if","locations":[{"start":{"line":89,"column":8},"end":{"line":96,"column":null}},{"start":{"line":89,"column":8},"end":{"line":96,"column":null}}]},"3":{"loc":{"start":{"line":99,"column":8},"end":{"line":106,"column":null}},"type":"if","locations":[{"start":{"line":99,"column":8},"end":{"line":106,"column":null}},{"start":{"line":99,"column":8},"end":{"line":106,"column":null}}]},"4":{"loc":{"start":{"line":131,"column":3},"end":{"line":154,"column":null}},"type":"if","locations":[{"start":{"line":131,"column":3},"end":{"line":154,"column":null}},{"start":{"line":131,"column":3},"end":{"line":154,"column":null}}]},"5":{"loc":{"start":{"line":132,"column":5},"end":{"line":141,"column":null}},"type":"if","locations":[{"start":{"line":132,"column":5},"end":{"line":141,"column":null}},{"start":{"line":132,"column":5},"end":{"line":141,"column":null}}]},"6":{"loc":{"start":{"line":135,"column":7},"end":{"line":135,"column":222}},"type":"if","locations":[{"start":{"line":135,"column":7},"end":{"line":135,"column":222}},{"start":{"line":135,"column":7},"end":{"line":135,"column":222}}]},"7":{"loc":{"start":{"line":136,"column":7},"end":{"line":136,"column":220}},"type":"if","locations":[{"start":{"line":136,"column":7},"end":{"line":136,"column":220}},{"start":{"line":136,"column":7},"end":{"line":136,"column":220}}]},"8":{"loc":{"start":{"line":145,"column":4},"end":{"line":153,"column":null}},"type":"if","locations":[{"start":{"line":145,"column":4},"end":{"line":153,"column":null}},{"start":{"line":145,"column":4},"end":{"line":153,"column":null}}]},"9":{"loc":{"start":{"line":148,"column":7},"end":{"line":148,"column":224}},"type":"if","locations":[{"start":{"line":148,"column":7},"end":{"line":148,"column":224}},{"start":{"line":148,"column":7},"end":{"line":148,"column":224}}]},"10":{"loc":{"start":{"line":149,"column":7},"end":{"line":149,"column":222}},"type":"if","locations":[{"start":{"line":149,"column":7},"end":{"line":149,"column":222}},{"start":{"line":149,"column":7},"end":{"line":149,"column":222}}]},"11":{"loc":{"start":{"line":177,"column":2},"end":{"line":214,"column":null}},"type":"if","locations":[{"start":{"line":177,"column":2},"end":{"line":214,"column":null}},{"start":{"line":177,"column":2},"end":{"line":214,"column":null}}]},"12":{"loc":{"start":{"line":181,"column":4},"end":{"line":189,"column":null}},"type":"if","locations":[{"start":{"line":181,"column":4},"end":{"line":189,"column":null}},{"start":{"line":181,"column":4},"end":{"line":189,"column":null}}]},"13":{"loc":{"start":{"line":184,"column":6},"end":{"line":184,"column":153}},"type":"if","locations":[{"start":{"line":184,"column":6},"end":{"line":184,"column":153}},{"start":{"line":184,"column":6},"end":{"line":184,"column":153}}]},"14":{"loc":{"start":{"line":185,"column":6},"end":{"line":185,"column":151}},"type":"if","locations":[{"start":{"line":185,"column":6},"end":{"line":185,"column":151}},{"start":{"line":185,"column":6},"end":{"line":185,"column":151}}]},"15":{"loc":{"start":{"line":200,"column":4},"end":{"line":208,"column":null}},"type":"if","locations":[{"start":{"line":200,"column":4},"end":{"line":208,"column":null}},{"start":{"line":200,"column":4},"end":{"line":208,"column":null}}]},"16":{"loc":{"start":{"line":202,"column":6},"end":{"line":202,"column":154}},"type":"if","locations":[{"start":{"line":202,"column":6},"end":{"line":202,"column":154}},{"start":{"line":202,"column":6},"end":{"line":202,"column":154}}]},"17":{"loc":{"start":{"line":203,"column":6},"end":{"line":203,"column":152}},"type":"if","locations":[{"start":{"line":203,"column":6},"end":{"line":203,"column":152}},{"start":{"line":203,"column":6},"end":{"line":203,"column":152}}]},"18":{"loc":{"start":{"line":220,"column":2},"end":{"line":280,"column":null}},"type":"if","locations":[{"start":{"line":220,"column":2},"end":{"line":280,"column":null}},{"start":{"line":220,"column":2},"end":{"line":280,"column":null}}]},"19":{"loc":{"start":{"line":221,"column":4},"end":{"line":247,"column":null}},"type":"if","locations":[{"start":{"line":221,"column":4},"end":{"line":247,"column":null}},{"start":{"line":221,"column":4},"end":{"line":247,"column":null}}]},"20":{"loc":{"start":{"line":223,"column":6},"end":{"line":225,"column":null}},"type":"if","locations":[{"start":{"line":223,"column":6},"end":{"line":225,"column":null}},{"start":{"line":223,"column":6},"end":{"line":225,"column":null}}]},"21":{"loc":{"start":{"line":228,"column":6},"end":{"line":230,"column":null}},"type":"if","locations":[{"start":{"line":228,"column":6},"end":{"line":230,"column":null}},{"start":{"line":228,"column":6},"end":{"line":230,"column":null}}]},"22":{"loc":{"start":{"line":233,"column":6},"end":{"line":233,"column":313}},"type":"if","locations":[{"start":{"line":233,"column":6},"end":{"line":233,"column":313}},{"start":{"line":233,"column":6},"end":{"line":233,"column":313}}]},"23":{"loc":{"start":{"line":233,"column":10},"end":{"line":233,"column":47}},"type":"binary-expr","locations":[{"start":{"line":233,"column":10},"end":{"line":233,"column":47}},{"start":{"line":233,"column":51},"end":{"line":233,"column":140}}]},"24":{"loc":{"start":{"line":234,"column":6},"end":{"line":234,"column":309}},"type":"if","locations":[{"start":{"line":234,"column":6},"end":{"line":234,"column":309}},{"start":{"line":234,"column":6},"end":{"line":234,"column":309}}]},"25":{"loc":{"start":{"line":234,"column":10},"end":{"line":234,"column":47}},"type":"binary-expr","locations":[{"start":{"line":234,"column":10},"end":{"line":234,"column":47}},{"start":{"line":234,"column":51},"end":{"line":234,"column":138}}]},"26":{"loc":{"start":{"line":238,"column":6},"end":{"line":240,"column":null}},"type":"if","locations":[{"start":{"line":238,"column":6},"end":{"line":240,"column":null}},{"start":{"line":238,"column":6},"end":{"line":240,"column":null}}]},"27":{"loc":{"start":{"line":243,"column":6},"end":{"line":245,"column":null}},"type":"if","locations":[{"start":{"line":243,"column":6},"end":{"line":245,"column":null}},{"start":{"line":243,"column":6},"end":{"line":245,"column":null}}]},"28":{"loc":{"start":{"line":251,"column":4},"end":{"line":278,"column":null}},"type":"if","locations":[{"start":{"line":251,"column":4},"end":{"line":278,"column":null}},{"start":{"line":251,"column":4},"end":{"line":278,"column":null}}]},"29":{"loc":{"start":{"line":253,"column":6},"end":{"line":255,"column":null}},"type":"if","locations":[{"start":{"line":253,"column":6},"end":{"line":255,"column":null}},{"start":{"line":253,"column":6},"end":{"line":255,"column":null}}]},"30":{"loc":{"start":{"line":258,"column":6},"end":{"line":260,"column":null}},"type":"if","locations":[{"start":{"line":258,"column":6},"end":{"line":260,"column":null}},{"start":{"line":258,"column":6},"end":{"line":260,"column":null}}]},"31":{"loc":{"start":{"line":263,"column":6},"end":{"line":263,"column":315}},"type":"if","locations":[{"start":{"line":263,"column":6},"end":{"line":263,"column":315}},{"start":{"line":263,"column":6},"end":{"line":263,"column":315}}]},"32":{"loc":{"start":{"line":263,"column":10},"end":{"line":263,"column":48}},"type":"binary-expr","locations":[{"start":{"line":263,"column":10},"end":{"line":263,"column":48}},{"start":{"line":263,"column":52},"end":{"line":263,"column":141}}]},"33":{"loc":{"start":{"line":264,"column":6},"end":{"line":264,"column":311}},"type":"if","locations":[{"start":{"line":264,"column":6},"end":{"line":264,"column":311}},{"start":{"line":264,"column":6},"end":{"line":264,"column":311}}]},"34":{"loc":{"start":{"line":264,"column":10},"end":{"line":264,"column":48}},"type":"binary-expr","locations":[{"start":{"line":264,"column":10},"end":{"line":264,"column":48}},{"start":{"line":264,"column":52},"end":{"line":264,"column":139}}]},"35":{"loc":{"start":{"line":268,"column":6},"end":{"line":270,"column":null}},"type":"if","locations":[{"start":{"line":268,"column":6},"end":{"line":270,"column":null}},{"start":{"line":268,"column":6},"end":{"line":270,"column":null}}]},"36":{"loc":{"start":{"line":273,"column":6},"end":{"line":275,"column":null}},"type":"if","locations":[{"start":{"line":273,"column":6},"end":{"line":275,"column":null}},{"start":{"line":273,"column":6},"end":{"line":275,"column":null}}]},"37":{"loc":{"start":{"line":297,"column":4},"end":{"line":297,"column":79}},"type":"if","locations":[{"start":{"line":297,"column":4},"end":{"line":297,"column":79}},{"start":{"line":297,"column":4},"end":{"line":297,"column":79}}]},"38":{"loc":{"start":{"line":313,"column":8},"end":{"line":315,"column":16}},"type":"switch","locations":[{"start":{"line":313,"column":8},"end":{"line":315,"column":16}},{"start":{"line":316,"column":8},"end":{"line":318,"column":16}},{"start":{"line":319,"column":8},"end":{"line":319,"column":16}}]},"39":{"loc":{"start":{"line":314,"column":10},"end":{"line":314,"column":120}},"type":"if","locations":[{"start":{"line":314,"column":10},"end":{"line":314,"column":120}},{"start":{"line":314,"column":10},"end":{"line":314,"column":120}}]},"40":{"loc":{"start":{"line":327,"column":4},"end":{"line":327,"column":51}},"type":"switch","locations":[{"start":{"line":327,"column":4},"end":{"line":327,"column":51}},{"start":{"line":328,"column":4},"end":{"line":328,"column":47}},{"start":{"line":329,"column":4},"end":{"line":329,"column":25}}]}},"s":{"0":1,"1":1,"2":1,"3":1,"4":1,"5":1,"6":1,"7":1,"8":1,"9":1,"10":1,"11":1,"12":1,"13":1,"14":1,"15":1,"16":1,"17":1,"18":2,"19":2,"20":2,"21":2,"22":2,"23":2,"24":1,"25":1,"26":1,"27":1,"28":1,"29":3,"30":1,"31":1,"32":1,"33":1,"34":2,"35":10,"36":5,"37":3,"38":2,"39":2,"40":1,"41":1,"42":2,"43":1,"44":1,"45":1,"46":1,"47":1,"48":1,"49":1,"50":1,"51":1,"52":1,"53":0,"54":0,"55":2,"56":4,"57":4,"58":4,"59":4,"60":4,"61":2,"62":1,"63":1,"64":1,"65":0,"66":1,"67":0,"68":1,"69":2,"70":1,"71":1,"72":1,"73":0,"74":1,"75":1,"76":1,"77":1,"78":0,"79":0,"80":1,"81":1,"82":1,"83":1,"84":1,"85":0,"86":0,"87":1,"88":4,"89":4,"90":4,"91":2,"92":2,"93":2,"94":2,"95":1,"96":1,"97":0,"98":1,"99":0,"100":1,"101":2,"102":2,"103":2,"104":2,"105":2,"106":2,"107":2,"108":2,"109":2,"110":1,"111":1,"112":0,"113":1,"114":1,"115":1,"116":2,"117":2,"118":2,"119":2,"120":2,"121":1,"122":4,"123":2,"124":1,"125":1,"126":0,"127":1,"128":1,"129":0,"130":1,"131":1,"132":0,"133":1,"134":0,"135":1,"136":1,"137":0,"138":1,"139":1,"140":0,"141":1,"142":2,"143":1,"144":1,"145":0,"146":1,"147":1,"148":1,"149":1,"150":1,"151":0,"152":1,"153":0,"154":1,"155":1,"156":0,"157":1,"158":1,"159":1,"160":1,"161":1,"162":0,"163":0,"164":1,"165":0,"166":1,"167":0,"168":0,"169":0,"170":1,"171":0,"172":0,"173":0,"174":1,"175":0,"176":0,"177":0,"178":0,"179":0,"180":0,"181":0,"182":1,"183":0,"184":0,"185":0,"186":0,"187":1,"188":1,"189":1},"f":{"0":1,"1":1,"2":1,"3":2,"4":1,"5":1,"6":5,"7":1,"8":1,"9":0,"10":4,"11":0,"12":1,"13":0,"14":4,"15":4,"16":0,"17":0,"18":0,"19":0,"20":0,"21":0},"b":{"0":[1,0],"1":[3,2],"2":[2,1],"3":[1,1],"4":[2,2],"5":[1,1],"6":[0,1],"7":[0,1],"8":[1,1],"9":[0,1],"10":[1,0],"11":[2,2],"12":[1,1],"13":[0,1],"14":[0,1],"15":[1,1],"16":[0,1],"17":[1,0],"18":[2,2],"19":[1,1],"20":[0,1],"21":[0,1],"22":[0,1],"23":[1,0],"24":[0,1],"25":[1,0],"26":[0,1],"27":[0,1],"28":[1,1],"29":[0,1],"30":[1,0],"31":[0,1],"32":[1,0],"33":[0,1],"34":[1,0],"35":[0,1],"36":[1,0],"37":[0,0],"38":[0,0,0],"39":[0,0],"40":[0,0,0]}}
,"D:\\Slider\\src\\plugin\\View\\ThumbView\\ThumbView.ts": {"path":"D:\\Slider\\src\\plugin\\View\\ThumbView\\ThumbView.ts","statementMap":{"0":{"start":{"line":1,"column":0},"end":{"line":1,"column":45}},"1":{"start":{"line":3,"column":0},"end":{"line":3,"column":66}},"2":{"start":{"line":4,"column":0},"end":{"line":4,"column":94}},"3":{"start":{"line":7,"column":1},"end":{"line":7,"column":null}},"4":{"start":{"line":20,"column":9},"end":{"line":20,"column":40}},"5":{"start":{"line":23,"column":4},"end":{"line":23,"column":35}},"6":{"start":{"line":24,"column":4},"end":{"line":24,"column":26}},"7":{"start":{"line":27,"column":3},"end":{"line":33,"column":null}},"8":{"start":{"line":28,"column":4},"end":{"line":28,"column":54}},"9":{"start":{"line":29,"column":4},"end":{"line":29,"column":63}},"10":{"start":{"line":30,"column":4},"end":{"line":30,"column":29}},"11":{"start":{"line":31,"column":4},"end":{"line":31,"column":50}},"12":{"start":{"line":36,"column":2},"end":{"line":46,"column":null}},"13":{"start":{"line":37,"column":4},"end":{"line":37,"column":32}},"14":{"start":{"line":38,"column":34},"end":{"line":38,"column":42}},"15":{"start":{"line":39,"column":4},"end":{"line":45,"column":null}},"16":{"start":{"line":40,"column":6},"end":{"line":40,"column":54}},"17":{"start":{"line":44,"column":6},"end":{"line":44,"column":55}},"18":{"start":{"line":47,"column":2},"end":{"line":50,"column":null}},"19":{"start":{"line":48,"column":4},"end":{"line":48,"column":32}},"20":{"start":{"line":49,"column":4},"end":{"line":49,"column":49}},"21":{"start":{"line":51,"column":3},"end":{"line":55,"column":null}},"22":{"start":{"line":52,"column":4},"end":{"line":52,"column":76}},"23":{"start":{"line":53,"column":4},"end":{"line":53,"column":77}},"24":{"start":{"line":54,"column":4},"end":{"line":54,"column":88}},"25":{"start":{"line":56,"column":10},"end":{"line":59,"column":null}},"26":{"start":{"line":57,"column":4},"end":{"line":57,"column":80}},"27":{"start":{"line":58,"column":4},"end":{"line":58,"column":91}},"28":{"start":{"line":61,"column":3},"end":{"line":82,"column":null}},"29":{"start":{"line":62,"column":6},"end":{"line":62,"column":29}},"30":{"start":{"line":63,"column":6},"end":{"line":78,"column":null}},"31":{"start":{"line":64,"column":8},"end":{"line":64,"column":119}},"32":{"start":{"line":65,"column":8},"end":{"line":65,"column":80}},"33":{"start":{"line":66,"column":8},"end":{"line":66,"column":71}},"34":{"start":{"line":67,"column":8},"end":{"line":67,"column":104}},"35":{"start":{"line":68,"column":8},"end":{"line":68,"column":67}},"36":{"start":{"line":69,"column":8},"end":{"line":69,"column":83}},"37":{"start":{"line":72,"column":8},"end":{"line":72,"column":119}},"38":{"start":{"line":73,"column":8},"end":{"line":73,"column":80}},"39":{"start":{"line":74,"column":8},"end":{"line":74,"column":71}},"40":{"start":{"line":75,"column":8},"end":{"line":75,"column":104}},"41":{"start":{"line":76,"column":8},"end":{"line":76,"column":67}},"42":{"start":{"line":77,"column":8},"end":{"line":77,"column":83}},"43":{"start":{"line":84,"column":3},"end":{"line":112,"column":null}},"44":{"start":{"line":87,"column":4},"end":{"line":111,"column":null}},"45":{"start":{"line":88,"column":6},"end":{"line":88,"column":95}},"46":{"start":{"line":89,"column":6},"end":{"line":91,"column":null}},"47":{"start":{"line":90,"column":8},"end":{"line":90,"column":24}},"48":{"start":{"line":92,"column":22},"end":{"line":92,"column":117}},"49":{"start":{"line":94,"column":6},"end":{"line":96,"column":null}},"50":{"start":{"line":95,"column":8},"end":{"line":95,"column":32}},"51":{"start":{"line":97,"column":6},"end":{"line":97,"column":90}},"52":{"start":{"line":100,"column":6},"end":{"line":100,"column":97}},"53":{"start":{"line":101,"column":6},"end":{"line":103,"column":null}},"54":{"start":{"line":102,"column":8},"end":{"line":102,"column":25}},"55":{"start":{"line":104,"column":22},"end":{"line":104,"column":114}},"56":{"start":{"line":106,"column":6},"end":{"line":108,"column":null}},"57":{"start":{"line":107,"column":8},"end":{"line":107,"column":33}},"58":{"start":{"line":110,"column":6},"end":{"line":110,"column":67}},"59":{"start":{"line":114,"column":3},"end":{"line":119,"column":null}},"60":{"start":{"line":116,"column":4},"end":{"line":116,"column":61}},"61":{"start":{"line":117,"column":4},"end":{"line":117,"column":66}},"62":{"start":{"line":121,"column":10},"end":{"line":123,"column":null}},"63":{"start":{"line":122,"column":4},"end":{"line":122,"column":17}},"64":{"start":{"line":127,"column":2},"end":{"line":139,"column":null}},"65":{"start":{"line":128,"column":43},"end":{"line":128,"column":48}},"66":{"start":{"line":129,"column":4},"end":{"line":137,"column":7}},"67":{"start":{"line":145,"column":0},"end":{"line":145,"column":null}},"68":{"start":{"line":147,"column":9},"end":{"line":147,"column":18}}},"fnMap":{"0":{"name":"(anonymous_0)","decl":{"start":{"line":7,"column":1},"end":{"line":7,"column":null}},"loc":{"start":{"line":7,"column":1},"end":{"line":145,"column":null}}},"1":{"name":"ThumbView","decl":{"start":{"line":22,"column":2},"end":{"line":22,"column":14}},"loc":{"start":{"line":22,"column":38},"end":{"line":26,"column":3}}},"2":{"name":"(anonymous_2)","decl":{"start":{"line":27,"column":3},"end":{"line":27,"column":17}},"loc":{"start":{"line":27,"column":3},"end":{"line":33,"column":3}}},"3":{"name":"(anonymous_3)","decl":{"start":{"line":36,"column":2},"end":{"line":36,"column":23}},"loc":{"start":{"line":36,"column":67},"end":{"line":46,"column":3}}},"4":{"name":"(anonymous_4)","decl":{"start":{"line":47,"column":2},"end":{"line":47,"column":22}},"loc":{"start":{"line":47,"column":58},"end":{"line":50,"column":3}}},"5":{"name":"(anonymous_5)","decl":{"start":{"line":51,"column":3},"end":{"line":51,"column":21}},"loc":{"start":{"line":51,"column":57},"end":{"line":55,"column":3}}},"6":{"name":"(anonymous_6)","decl":{"start":{"line":56,"column":2},"end":{"line":56,"column":10}},"loc":{"start":{"line":56,"column":2},"end":{"line":59,"column":3}}},"7":{"name":"(anonymous_7)","decl":{"start":{"line":61,"column":3},"end":{"line":61,"column":12}},"loc":{"start":{"line":61,"column":70},"end":{"line":82,"column":3}}},"8":{"name":"(anonymous_8)","decl":{"start":{"line":84,"column":3},"end":{"line":84,"column":14}},"loc":{"start":{"line":84,"column":70},"end":{"line":112,"column":3}}},"9":{"name":"(anonymous_9)","decl":{"start":{"line":114,"column":3},"end":{"line":114,"column":12}},"loc":{"start":{"line":114,"column":118},"end":{"line":119,"column":3}}},"10":{"name":"(anonymous_10)","decl":{"start":{"line":121,"column":2},"end":{"line":121,"column":10}},"loc":{"start":{"line":121,"column":2},"end":{"line":123,"column":3}}},"11":{"name":"(anonymous_11)","decl":{"start":{"line":127,"column":2},"end":{"line":127,"column":23}},"loc":{"start":{"line":127,"column":77},"end":{"line":139,"column":3}}}},"branchMap":{"0":{"loc":{"start":{"line":39,"column":4},"end":{"line":45,"column":null}},"type":"if","locations":[{"start":{"line":39,"column":4},"end":{"line":45,"column":null}},{"start":{"line":39,"column":4},"end":{"line":45,"column":null}}]},"1":{"loc":{"start":{"line":63,"column":6},"end":{"line":78,"column":null}},"type":"if","locations":[{"start":{"line":63,"column":6},"end":{"line":78,"column":null}},{"start":{"line":63,"column":6},"end":{"line":78,"column":null}}]},"2":{"loc":{"start":{"line":87,"column":4},"end":{"line":111,"column":null}},"type":"if","locations":[{"start":{"line":87,"column":4},"end":{"line":111,"column":null}},{"start":{"line":87,"column":4},"end":{"line":111,"column":null}}]},"3":{"loc":{"start":{"line":89,"column":6},"end":{"line":91,"column":null}},"type":"if","locations":[{"start":{"line":89,"column":6},"end":{"line":91,"column":null}},{"start":{"line":89,"column":6},"end":{"line":91,"column":null}}]},"4":{"loc":{"start":{"line":94,"column":6},"end":{"line":96,"column":null}},"type":"if","locations":[{"start":{"line":94,"column":6},"end":{"line":96,"column":null}},{"start":{"line":94,"column":6},"end":{"line":96,"column":null}}]},"5":{"loc":{"start":{"line":101,"column":6},"end":{"line":103,"column":null}},"type":"if","locations":[{"start":{"line":101,"column":6},"end":{"line":103,"column":null}},{"start":{"line":101,"column":6},"end":{"line":103,"column":null}}]},"6":{"loc":{"start":{"line":106,"column":6},"end":{"line":108,"column":null}},"type":"if","locations":[{"start":{"line":106,"column":6},"end":{"line":108,"column":null}},{"start":{"line":106,"column":6},"end":{"line":108,"column":null}}]}},"s":{"0":2,"1":2,"2":2,"3":2,"4":4,"5":4,"6":4,"7":2,"8":4,"9":4,"10":4,"11":4,"12":2,"13":4,"14":8,"15":4,"16":3,"17":1,"18":2,"19":1,"20":1,"21":2,"22":0,"23":0,"24":0,"25":2,"26":1,"27":1,"28":2,"29":2,"30":2,"31":1,"32":1,"33":1,"34":1,"35":1,"36":1,"37":1,"38":1,"39":1,"40":1,"41":1,"42":1,"43":2,"44":2,"45":1,"46":1,"47":0,"48":1,"49":1,"50":0,"51":1,"52":1,"53":1,"54":0,"55":1,"56":1,"57":1,"58":1,"59":2,"60":0,"61":0,"62":2,"63":0,"64":2,"65":4,"66":2,"67":2,"68":2},"f":{"0":2,"1":4,"2":4,"3":4,"4":1,"5":0,"6":1,"7":2,"8":2,"9":0,"10":0,"11":2},"b":{"0":[3,1],"1":[1,1],"2":[1,1],"3":[0,1],"4":[0,1],"5":[0,1],"6":[1,0]}}
,"D:\\Slider\\src\\plugin\\View\\TipView\\TipView.ts": {"path":"D:\\Slider\\src\\plugin\\View\\TipView\\TipView.ts","statementMap":{"0":{"start":{"line":2,"column":1},"end":{"line":2,"column":null}},"1":{"start":{"line":7,"column":4},"end":{"line":7,"column":26}},"2":{"start":{"line":10,"column":10},"end":{"line":13,"column":null}},"3":{"start":{"line":11,"column":4},"end":{"line":11,"column":52}},"4":{"start":{"line":12,"column":4},"end":{"line":12,"column":59}},"5":{"start":{"line":14,"column":2},"end":{"line":16,"column":null}},"6":{"start":{"line":15,"column":4},"end":{"line":15,"column":52}},"7":{"start":{"line":19,"column":0},"end":{"line":19,"column":null}},"8":{"start":{"line":23,"column":9},"end":{"line":23,"column":16}}},"fnMap":{"0":{"name":"(anonymous_0)","decl":{"start":{"line":2,"column":1},"end":{"line":2,"column":null}},"loc":{"start":{"line":2,"column":1},"end":{"line":19,"column":null}}},"1":{"name":"TipView","decl":{"start":{"line":6,"column":2},"end":{"line":6,"column":null}},"loc":{"start":{"line":6,"column":2},"end":{"line":9,"column":3}}},"2":{"name":"(anonymous_2)","decl":{"start":{"line":10,"column":2},"end":{"line":10,"column":10}},"loc":{"start":{"line":10,"column":2},"end":{"line":13,"column":3}}},"3":{"name":"(anonymous_3)","decl":{"start":{"line":14,"column":2},"end":{"line":14,"column":13}},"loc":{"start":{"line":14,"column":26},"end":{"line":16,"column":3}}}},"branchMap":{},"s":{"0":3,"1":5,"2":3,"3":5,"4":5,"5":3,"6":1,"7":3,"8":3},"f":{"0":3,"1":5,"2":5,"3":1},"b":{}}
}
