{"D:\\Slider\\src\\Example-page\\sum.ts": {"path":"D:\\Slider\\src\\Example-page\\sum.ts","statementMap":{"0":{"start":{"line":1,"column":12},"end":{"line":1,"column":36}},"1":{"start":{"line":1,"column":35},"end":{"line":1,"column":41}},"2":{"start":{"line":4,"column":9},"end":{"line":4,"column":12}},"3":{"start":{"line":2,"column":19},"end":{"line":2,"column":33}},"4":{"start":{"line":2,"column":29},"end":{"line":2,"column":34}}},"fnMap":{"0":{"name":"(anonymous_0)","decl":{"start":{"line":1,"column":12},"end":{"line":1,"column":13}},"loc":{"start":{"line":1,"column":30},"end":{"line":1,"column":36}}},"1":{"name":"(anonymous_1)","decl":{"start":{"line":2,"column":19},"end":{"line":2,"column":29}},"loc":{"start":{"line":2,"column":19},"end":{"line":2,"column":33}}}},"branchMap":{},"s":{"0":1,"1":1,"2":1,"3":1,"4":0},"f":{"0":1,"1":0},"b":{}}
,"D:\\Slider\\src\\plugin\\EventObserver\\EventObserver.ts": {"path":"D:\\Slider\\src\\plugin\\EventObserver\\EventObserver.ts","statementMap":{"0":{"start":{"line":1,"column":0},"end":{"line":1,"column":null}},"1":{"start":{"line":5,"column":4},"end":{"line":5,"column":24}},"2":{"start":{"line":8,"column":2},"end":{"line":10,"column":null}},"3":{"start":{"line":9,"column":4},"end":{"line":9,"column":28}},"4":{"start":{"line":12,"column":2},"end":{"line":14,"column":null}},"5":{"start":{"line":13,"column":4},"end":{"line":13,"column":88}},"6":{"start":{"line":13,"column":69},"end":{"line":13,"column":87}},"7":{"start":{"line":16,"column":2},"end":{"line":20,"column":null}},"8":{"start":{"line":17,"column":4},"end":{"line":19,"column":7}},"9":{"start":{"line":18,"column":6},"end":{"line":18,"column":23}},"10":{"start":{"line":21,"column":0},"end":{"line":21,"column":null}},"11":{"start":{"line":23,"column":9},"end":{"line":23,"column":22}}},"fnMap":{"0":{"name":"(anonymous_0)","decl":{"start":{"line":1,"column":0},"end":{"line":1,"column":null}},"loc":{"start":{"line":1,"column":0},"end":{"line":21,"column":null}}},"1":{"name":"EventObserver","decl":{"start":{"line":4,"column":2},"end":{"line":4,"column":null}},"loc":{"start":{"line":4,"column":2},"end":{"line":6,"column":3}}},"2":{"name":"(anonymous_2)","decl":{"start":{"line":8,"column":2},"end":{"line":8,"column":11}},"loc":{"start":{"line":8,"column":24},"end":{"line":10,"column":3}}},"3":{"name":"(anonymous_3)","decl":{"start":{"line":12,"column":2},"end":{"line":12,"column":13}},"loc":{"start":{"line":12,"column":26},"end":{"line":14,"column":3}}},"4":{"name":"(anonymous_4)","decl":{"start":{"line":13,"column":43},"end":{"line":13,"column":44}},"loc":{"start":{"line":13,"column":64},"end":{"line":13,"column":79}}},"5":{"name":"(anonymous_5)","decl":{"start":{"line":16,"column":2},"end":{"line":16,"column":11}},"loc":{"start":{"line":16,"column":21},"end":{"line":20,"column":3}}},"6":{"name":"(anonymous_6)","decl":{"start":{"line":17,"column":27},"end":{"line":17,"column":28}},"loc":{"start":{"line":17,"column":48},"end":{"line":19,"column":5}}}},"branchMap":{},"s":{"0":1,"1":2,"2":1,"3":0,"4":1,"5":0,"6":0,"7":1,"8":8,"9":0,"10":1,"11":1},"f":{"0":1,"1":2,"2":0,"3":0,"4":0,"5":8,"6":0},"b":{}}
,"D:\\Slider\\src\\plugin\\Model\\Model.ts": {"path":"D:\\Slider\\src\\plugin\\Model\\Model.ts","statementMap":{"0":{"start":{"line":2,"column":0},"end":{"line":2,"column":63}},"1":{"start":{"line":3,"column":0},"end":{"line":3,"column":53}},"2":{"start":{"line":7,"column":0},"end":{"line":7,"column":null}},"3":{"start":{"line":9,"column":9},"end":{"line":9,"column":63}},"4":{"start":{"line":10,"column":9},"end":{"line":10,"column":62}},"5":{"start":{"line":15,"column":4},"end":{"line":15,"column":41}},"6":{"start":{"line":16,"column":4},"end":{"line":16,"column":null}},"7":{"start":{"line":22,"column":2},"end":{"line":24,"column":null}},"8":{"start":{"line":23,"column":4},"end":{"line":23,"column":31}},"9":{"start":{"line":25,"column":2},"end":{"line":31,"column":null}},"10":{"start":{"line":25,"column":2},"end":{"line":25,"column":13}},"11":{"start":{"line":25,"column":14},"end":{"line":25,"column":null}},"12":{"start":{"line":26,"column":4},"end":{"line":28,"column":7}},"13":{"start":{"line":26,"column":41},"end":{"line":26,"column":43}},"14":{"start":{"line":26,"column":48},"end":{"line":26,"column":49}},"15":{"start":{"line":27,"column":6},"end":{"line":27,"column":73}},"16":{"start":{"line":29,"column":4},"end":{"line":29,"column":27}},"17":{"start":{"line":35,"column":10},"end":{"line":39,"column":null}},"18":{"start":{"line":36,"column":24},"end":{"line":36,"column":46}},"19":{"start":{"line":37,"column":23},"end":{"line":37,"column":48}},"20":{"start":{"line":38,"column":4},"end":{"line":38,"column":44}},"21":{"start":{"line":41,"column":10},"end":{"line":43,"column":null}},"22":{"start":{"line":42,"column":4},"end":{"line":42,"column":53}},"23":{"start":{"line":45,"column":10},"end":{"line":106,"column":null}},"24":{"start":{"line":48,"column":4},"end":{"line":48,"column":null}},"25":{"start":{"line":50,"column":26},"end":{"line":50,"column":63}},"26":{"start":{"line":51,"column":24},"end":{"line":51,"column":59}},"27":{"start":{"line":52,"column":26},"end":{"line":52,"column":63}},"28":{"start":{"line":53,"column":25},"end":{"line":53,"column":61}},"29":{"start":{"line":54,"column":25},"end":{"line":54,"column":61}},"30":{"start":{"line":55,"column":29},"end":{"line":55,"column":70}},"31":{"start":{"line":56,"column":17},"end":{"line":57,"column":25}},"32":{"start":{"line":58,"column":15},"end":{"line":58,"column":96}},"33":{"start":{"line":59,"column":17},"end":{"line":59,"column":75}},"34":{"start":{"line":60,"column":16},"end":{"line":60,"column":71}},"35":{"start":{"line":61,"column":16},"end":{"line":61,"column":71}},"36":{"start":{"line":62,"column":20},"end":{"line":62,"column":87}},"37":{"start":{"line":64,"column":26},"end":{"line":64,"column":55}},"38":{"start":{"line":65,"column":27},"end":{"line":65,"column":44}},"39":{"start":{"line":66,"column":28},"end":{"line":66,"column":45}},"40":{"start":{"line":67,"column":28},"end":{"line":67,"column":47}},"41":{"start":{"line":68,"column":27},"end":{"line":68,"column":46}},"42":{"start":{"line":70,"column":4},"end":{"line":105,"column":null}},"43":{"start":{"line":75,"column":8},"end":{"line":75,"column":43}},"44":{"start":{"line":77,"column":8},"end":{"line":79,"column":null}},"45":{"start":{"line":78,"column":10},"end":{"line":78,"column":34}},"46":{"start":{"line":80,"column":8},"end":{"line":80,"column":19}},"47":{"start":{"line":82,"column":8},"end":{"line":85,"column":null}},"48":{"start":{"line":84,"column":10},"end":{"line":84,"column":34}},"49":{"start":{"line":86,"column":8},"end":{"line":86,"column":19}},"50":{"start":{"line":88,"column":8},"end":{"line":91,"column":null}},"51":{"start":{"line":90,"column":10},"end":{"line":90,"column":35}},"52":{"start":{"line":92,"column":8},"end":{"line":92,"column":20}},"53":{"start":{"line":95,"column":8},"end":{"line":95,"column":80}},"54":{"start":{"line":95,"column":39},"end":{"line":95,"column":80}},"55":{"start":{"line":96,"column":8},"end":{"line":96,"column":35}},"56":{"start":{"line":96,"column":24},"end":{"line":96,"column":35}},"57":{"start":{"line":97,"column":8},"end":{"line":97,"column":35}},"58":{"start":{"line":97,"column":24},"end":{"line":97,"column":35}},"59":{"start":{"line":98,"column":8},"end":{"line":98,"column":20}},"60":{"start":{"line":100,"column":8},"end":{"line":100,"column":74}},"61":{"start":{"line":100,"column":29},"end":{"line":100,"column":74}},"62":{"start":{"line":101,"column":8},"end":{"line":101,"column":33}},"63":{"start":{"line":101,"column":22},"end":{"line":101,"column":33}},"64":{"start":{"line":102,"column":8},"end":{"line":102,"column":33}},"65":{"start":{"line":102,"column":22},"end":{"line":102,"column":33}},"66":{"start":{"line":103,"column":8},"end":{"line":103,"column":18}},"67":{"start":{"line":104,"column":15},"end":{"line":104,"column":27}},"68":{"start":{"line":114,"column":2},"end":{"line":117,"column":null}},"69":{"start":{"line":115,"column":25},"end":{"line":115,"column":43}},"70":{"start":{"line":115,"column":15},"end":{"line":115,"column":17}},"71":{"start":{"line":115,"column":20},"end":{"line":115,"column":25}},"72":{"start":{"line":116,"column":4},"end":{"line":116,"column":58}},"73":{"start":{"line":118,"column":2},"end":{"line":121,"column":null}},"74":{"start":{"line":119,"column":26},"end":{"line":119,"column":44}},"75":{"start":{"line":119,"column":15},"end":{"line":119,"column":17}},"76":{"start":{"line":119,"column":21},"end":{"line":119,"column":26}},"77":{"start":{"line":120,"column":4},"end":{"line":120,"column":57}},"78":{"start":{"line":122,"column":2},"end":{"line":125,"column":null}},"79":{"start":{"line":123,"column":25},"end":{"line":123,"column":43}},"80":{"start":{"line":123,"column":15},"end":{"line":123,"column":17}},"81":{"start":{"line":123,"column":20},"end":{"line":123,"column":25}},"82":{"start":{"line":124,"column":4},"end":{"line":124,"column":55}},"83":{"start":{"line":126,"column":2},"end":{"line":139,"column":null}},"84":{"start":{"line":127,"column":29},"end":{"line":127,"column":78}},"85":{"start":{"line":128,"column":4},"end":{"line":136,"column":null}},"86":{"start":{"line":130,"column":8},"end":{"line":130,"column":45}},"87":{"start":{"line":131,"column":8},"end":{"line":131,"column":14}},"88":{"start":{"line":133,"column":8},"end":{"line":133,"column":43}},"89":{"start":{"line":134,"column":8},"end":{"line":134,"column":14}},"90":{"start":{"line":138,"column":4},"end":{"line":138,"column":27}},"91":{"start":{"line":142,"column":2},"end":{"line":161,"column":null}},"92":{"start":{"line":144,"column":23},"end":{"line":144,"column":41}},"93":{"start":{"line":144,"column":15},"end":{"line":144,"column":17}},"94":{"start":{"line":144,"column":19},"end":{"line":144,"column":23}},"95":{"start":{"line":145,"column":31},"end":{"line":145,"column":66}},"96":{"start":{"line":146,"column":22},"end":{"line":146,"column":71}},"97":{"start":{"line":147,"column":30},"end":{"line":147,"column":68}},"98":{"start":{"line":148,"column":53},"end":{"line":148,"column":101}},"99":{"start":{"line":149,"column":29},"end":{"line":149,"column":62}},"100":{"start":{"line":150,"column":20},"end":{"line":150,"column":67}},"101":{"start":{"line":151,"column":28},"end":{"line":151,"column":64}},"102":{"start":{"line":152,"column":51},"end":{"line":152,"column":97}},"103":{"start":{"line":153,"column":42},"end":{"line":153,"column":60}},"104":{"start":{"line":153,"column":17},"end":{"line":153,"column":19}},"105":{"start":{"line":153,"column":29},"end":{"line":153,"column":31}},"106":{"start":{"line":153,"column":38},"end":{"line":153,"column":42}},"107":{"start":{"line":154,"column":4},"end":{"line":154,"column":null}},"108":{"start":{"line":155,"column":4},"end":{"line":160,"column":9}},"109":{"start":{"line":164,"column":2},"end":{"line":164,"column":null}},"110":{"start":{"line":169,"column":9},"end":{"line":169,"column":14}}},"fnMap":{"0":{"name":"(anonymous_2)","decl":{"start":{"line":7,"column":0},"end":{"line":7,"column":null}},"loc":{"start":{"line":7,"column":0},"end":{"line":164,"column":null}}},"1":{"name":"Model","decl":{"start":{"line":14,"column":2},"end":{"line":14,"column":14}},"loc":{"start":{"line":14,"column":36},"end":{"line":20,"column":3}}},"2":{"name":"(anonymous_4)","decl":{"start":{"line":22,"column":2},"end":{"line":22,"column":13}},"loc":{"start":{"line":22,"column":2},"end":{"line":24,"column":3}}},"3":{"name":"(anonymous_5)","decl":{"start":{"line":25,"column":2},"end":{"line":25,"column":13}},"loc":{"start":{"line":25,"column":41},"end":{"line":31,"column":3}}},"4":{"name":"(anonymous_6)","decl":{"start":{"line":26,"column":36},"end":{"line":26,"column":37}},"loc":{"start":{"line":26,"column":49},"end":{"line":28,"column":5}}},"5":{"name":"(anonymous_7)","decl":{"start":{"line":35,"column":2},"end":{"line":35,"column":10}},"loc":{"start":{"line":35,"column":66},"end":{"line":39,"column":3}}},"6":{"name":"(anonymous_8)","decl":{"start":{"line":41,"column":2},"end":{"line":41,"column":10}},"loc":{"start":{"line":41,"column":67},"end":{"line":43,"column":3}}},"7":{"name":"(anonymous_9)","decl":{"start":{"line":45,"column":2},"end":{"line":45,"column":10}},"loc":{"start":{"line":48,"column":35},"end":{"line":106,"column":3}}},"8":{"name":"(anonymous_10)","decl":{"start":{"line":114,"column":2},"end":{"line":114,"column":26}},"loc":{"start":{"line":114,"column":53},"end":{"line":117,"column":3}}},"9":{"name":"(anonymous_11)","decl":{"start":{"line":118,"column":2},"end":{"line":118,"column":24}},"loc":{"start":{"line":118,"column":38},"end":{"line":121,"column":3}}},"10":{"name":"(anonymous_12)","decl":{"start":{"line":122,"column":2},"end":{"line":122,"column":26}},"loc":{"start":{"line":122,"column":48},"end":{"line":125,"column":3}}},"11":{"name":"(anonymous_13)","decl":{"start":{"line":126,"column":2},"end":{"line":126,"column":12}},"loc":{"start":{"line":126,"column":62},"end":{"line":139,"column":3}}},"12":{"name":"(anonymous_14)","decl":{"start":{"line":142,"column":2},"end":{"line":142,"column":17}},"loc":{"start":{"line":142,"column":2},"end":{"line":161,"column":1}}}},"branchMap":{"0":{"loc":{"start":{"line":25,"column":14},"end":{"line":25,"column":null}},"type":"if","locations":[{"start":{"line":25,"column":14},"end":{"line":25,"column":null}},{"start":{"line":25,"column":14},"end":{"line":25,"column":null}}]},"1":{"loc":{"start":{"line":38,"column":25},"end":{"line":38,"column":36}},"type":"cond-expr","locations":[{"start":{"line":38,"column":25},"end":{"line":38,"column":36}},{"start":{"line":38,"column":39},"end":{"line":38,"column":43}}]},"2":{"loc":{"start":{"line":42,"column":40},"end":{"line":42,"column":45}},"type":"cond-expr","locations":[{"start":{"line":42,"column":40},"end":{"line":42,"column":45}},{"start":{"line":42,"column":48},"end":{"line":42,"column":52}}]},"3":{"loc":{"start":{"line":48,"column":4},"end":{"line":48,"column":null}},"type":"if","locations":[{"start":{"line":48,"column":4},"end":{"line":48,"column":null}},{"start":{"line":48,"column":4},"end":{"line":48,"column":null}}]},"4":{"loc":{"start":{"line":56,"column":42},"end":{"line":56,"column":84}},"type":"cond-expr","locations":[{"start":{"line":56,"column":42},"end":{"line":56,"column":84}},{"start":{"line":57,"column":8},"end":{"line":57,"column":25}}]},"5":{"loc":{"start":{"line":58,"column":38},"end":{"line":58,"column":78}},"type":"cond-expr","locations":[{"start":{"line":58,"column":38},"end":{"line":58,"column":78}},{"start":{"line":58,"column":81},"end":{"line":58,"column":96}}]},"6":{"loc":{"start":{"line":59,"column":42},"end":{"line":59,"column":55}},"type":"cond-expr","locations":[{"start":{"line":59,"column":42},"end":{"line":59,"column":55}},{"start":{"line":59,"column":58},"end":{"line":59,"column":75}}]},"7":{"loc":{"start":{"line":60,"column":40},"end":{"line":60,"column":52}},"type":"cond-expr","locations":[{"start":{"line":60,"column":40},"end":{"line":60,"column":52}},{"start":{"line":60,"column":55},"end":{"line":60,"column":71}}]},"8":{"loc":{"start":{"line":61,"column":40},"end":{"line":61,"column":52}},"type":"cond-expr","locations":[{"start":{"line":61,"column":40},"end":{"line":61,"column":52}},{"start":{"line":61,"column":55},"end":{"line":61,"column":71}}]},"9":{"loc":{"start":{"line":62,"column":48},"end":{"line":62,"column":64}},"type":"cond-expr","locations":[{"start":{"line":62,"column":48},"end":{"line":62,"column":64}},{"start":{"line":62,"column":67},"end":{"line":62,"column":87}}]},"10":{"loc":{"start":{"line":64,"column":26},"end":{"line":64,"column":35}},"type":"binary-expr","locations":[{"start":{"line":64,"column":26},"end":{"line":64,"column":35}},{"start":{"line":64,"column":39},"end":{"line":64,"column":55}}]},"11":{"loc":{"start":{"line":71,"column":6},"end":{"line":71,"column":20}},"type":"switch","locations":[{"start":{"line":71,"column":6},"end":{"line":71,"column":20}},{"start":{"line":72,"column":6},"end":{"line":72,"column":21}},{"start":{"line":73,"column":6},"end":{"line":73,"column":24}},{"start":{"line":74,"column":6},"end":{"line":75,"column":43}},{"start":{"line":76,"column":6},"end":{"line":80,"column":19}},{"start":{"line":81,"column":6},"end":{"line":86,"column":19}},{"start":{"line":87,"column":6},"end":{"line":92,"column":20}},{"start":{"line":93,"column":6},"end":{"line":98,"column":20}},{"start":{"line":99,"column":6},"end":{"line":103,"column":18}},{"start":{"line":104,"column":6},"end":{"line":104,"column":27}}]},"12":{"loc":{"start":{"line":77,"column":8},"end":{"line":79,"column":null}},"type":"if","locations":[{"start":{"line":77,"column":8},"end":{"line":79,"column":null}},{"start":{"line":77,"column":8},"end":{"line":79,"column":null}}]},"13":{"loc":{"start":{"line":82,"column":8},"end":{"line":85,"column":null}},"type":"if","locations":[{"start":{"line":82,"column":8},"end":{"line":85,"column":null}},{"start":{"line":82,"column":8},"end":{"line":85,"column":null}}]},"14":{"loc":{"start":{"line":88,"column":8},"end":{"line":91,"column":null}},"type":"if","locations":[{"start":{"line":88,"column":8},"end":{"line":91,"column":null}},{"start":{"line":88,"column":8},"end":{"line":91,"column":null}}]},"15":{"loc":{"start":{"line":95,"column":8},"end":{"line":95,"column":80}},"type":"if","locations":[{"start":{"line":95,"column":8},"end":{"line":95,"column":80}},{"start":{"line":95,"column":8},"end":{"line":95,"column":80}}]},"16":{"loc":{"start":{"line":95,"column":12},"end":{"line":95,"column":19}},"type":"binary-expr","locations":[{"start":{"line":95,"column":12},"end":{"line":95,"column":19}},{"start":{"line":95,"column":23},"end":{"line":95,"column":37}}]},"17":{"loc":{"start":{"line":95,"column":64},"end":{"line":95,"column":73}},"type":"cond-expr","locations":[{"start":{"line":95,"column":64},"end":{"line":95,"column":73}},{"start":{"line":95,"column":76},"end":{"line":95,"column":79}}]},"18":{"loc":{"start":{"line":96,"column":8},"end":{"line":96,"column":35}},"type":"if","locations":[{"start":{"line":96,"column":8},"end":{"line":96,"column":35}},{"start":{"line":96,"column":8},"end":{"line":96,"column":35}}]},"19":{"loc":{"start":{"line":97,"column":8},"end":{"line":97,"column":35}},"type":"if","locations":[{"start":{"line":97,"column":8},"end":{"line":97,"column":35}},{"start":{"line":97,"column":8},"end":{"line":97,"column":35}}]},"20":{"loc":{"start":{"line":100,"column":8},"end":{"line":100,"column":74}},"type":"if","locations":[{"start":{"line":100,"column":8},"end":{"line":100,"column":74}},{"start":{"line":100,"column":8},"end":{"line":100,"column":74}}]},"21":{"loc":{"start":{"line":100,"column":56},"end":{"line":100,"column":67}},"type":"cond-expr","locations":[{"start":{"line":100,"column":56},"end":{"line":100,"column":67}},{"start":{"line":100,"column":70},"end":{"line":100,"column":73}}]},"22":{"loc":{"start":{"line":101,"column":8},"end":{"line":101,"column":33}},"type":"if","locations":[{"start":{"line":101,"column":8},"end":{"line":101,"column":33}},{"start":{"line":101,"column":8},"end":{"line":101,"column":33}}]},"23":{"loc":{"start":{"line":102,"column":8},"end":{"line":102,"column":33}},"type":"if","locations":[{"start":{"line":102,"column":8},"end":{"line":102,"column":33}},{"start":{"line":102,"column":8},"end":{"line":102,"column":33}}]},"24":{"loc":{"start":{"line":129,"column":6},"end":{"line":131,"column":14}},"type":"switch","locations":[{"start":{"line":129,"column":6},"end":{"line":131,"column":14}},{"start":{"line":132,"column":6},"end":{"line":134,"column":14}},{"start":{"line":135,"column":6},"end":{"line":135,"column":14}}]}},"s":{"0":1,"1":1,"2":1,"3":1,"4":1,"5":1,"6":1,"7":1,"8":57,"9":1,"10":3,"11":3,"12":3,"13":8,"14":8,"15":8,"16":3,"17":1,"18":40,"19":40,"20":40,"21":1,"22":9,"23":1,"24":8,"25":8,"26":8,"27":8,"28":8,"29":8,"30":8,"31":8,"32":8,"33":8,"34":8,"35":8,"36":8,"37":8,"38":8,"39":8,"40":8,"41":8,"42":8,"43":1,"44":1,"45":0,"46":1,"47":1,"48":0,"49":1,"50":2,"51":0,"52":2,"53":1,"54":0,"55":1,"56":0,"57":1,"58":0,"59":1,"60":2,"61":0,"62":2,"63":0,"64":2,"65":0,"66":2,"67":0,"68":1,"69":9,"70":9,"71":9,"72":9,"73":1,"74":23,"75":23,"76":23,"77":23,"78":1,"79":16,"80":16,"81":16,"82":16,"83":1,"84":1,"85":1,"86":0,"87":0,"88":1,"89":1,"90":1,"91":1,"92":4,"93":4,"94":4,"95":4,"96":4,"97":4,"98":4,"99":4,"100":4,"101":4,"102":4,"103":4,"104":4,"105":4,"106":4,"107":4,"108":4,"109":1,"110":1},"f":{"0":1,"1":1,"2":57,"3":3,"4":8,"5":40,"6":9,"7":8,"8":9,"9":23,"10":16,"11":1,"12":4},"b":{"0":[0,3],"1":[32,8],"2":[7,2],"3":[0,8],"4":[6,2],"5":[7,1],"6":[7,1],"7":[6,2],"8":[6,2],"9":[6,2],"10":[8,8],"11":[0,0,0,1,1,1,2,1,2,0],"12":[0,1],"13":[0,1],"14":[0,2],"15":[0,1],"16":[1,1],"17":[0,0],"18":[0,1],"19":[0,1],"20":[0,2],"21":[0,0],"22":[0,2],"23":[0,2],"24":[0,1,0]}}
,"D:\\Slider\\src\\plugin\\Model\\defaultOptions.ts": {"path":"D:\\Slider\\src\\plugin\\Model\\defaultOptions.ts","statementMap":{"0":{"start":{"line":3,"column":38},"end":{"line":12,"column":2}},"1":{"start":{"line":14,"column":0},"end":{"line":14,"column":30}}},"fnMap":{},"branchMap":{},"s":{"0":1,"1":1},"f":{},"b":{}}
,"D:\\Slider\\src\\plugin\\View\\TipView\\TipView.ts": {"path":"D:\\Slider\\src\\plugin\\View\\TipView\\TipView.ts","statementMap":{"0":{"start":{"line":2,"column":1},"end":{"line":2,"column":null}},"1":{"start":{"line":7,"column":4},"end":{"line":7,"column":26}},"2":{"start":{"line":10,"column":10},"end":{"line":13,"column":null}},"3":{"start":{"line":11,"column":4},"end":{"line":11,"column":52}},"4":{"start":{"line":12,"column":4},"end":{"line":12,"column":59}},"5":{"start":{"line":14,"column":2},"end":{"line":16,"column":null}},"6":{"start":{"line":15,"column":4},"end":{"line":15,"column":52}},"7":{"start":{"line":19,"column":0},"end":{"line":19,"column":null}},"8":{"start":{"line":23,"column":9},"end":{"line":23,"column":16}}},"fnMap":{"0":{"name":"(anonymous_0)","decl":{"start":{"line":2,"column":1},"end":{"line":2,"column":null}},"loc":{"start":{"line":2,"column":1},"end":{"line":19,"column":null}}},"1":{"name":"TipView","decl":{"start":{"line":6,"column":2},"end":{"line":6,"column":null}},"loc":{"start":{"line":6,"column":2},"end":{"line":9,"column":3}}},"2":{"name":"(anonymous_2)","decl":{"start":{"line":10,"column":2},"end":{"line":10,"column":10}},"loc":{"start":{"line":10,"column":2},"end":{"line":13,"column":3}}},"3":{"name":"(anonymous_3)","decl":{"start":{"line":14,"column":2},"end":{"line":14,"column":13}},"loc":{"start":{"line":14,"column":26},"end":{"line":16,"column":3}}}},"branchMap":{},"s":{"0":1,"1":1,"2":1,"3":1,"4":1,"5":1,"6":1,"7":1,"8":1},"f":{"0":1,"1":1,"2":1,"3":1},"b":{}}
}
