TN:
SF:src\Example-page\sum.ts
FN:1,(anonymous_0)
FN:2,(anonymous_1)
FNF:2
FNH:1
FNDA:1,(anonymous_0)
FNDA:0,(anonymous_1)
DA:1,1
DA:2,1
DA:4,1
LF:3
LH:3
BRF:0
BRH:0
end_of_record
TN:
SF:src\plugin\EventObserver\EventObserver.ts
FN:1,(anonymous_0)
FN:4,EventObserver
FN:8,(anonymous_2)
FN:12,(anonymous_3)
FN:13,(anonymous_4)
FN:16,(anonymous_5)
FN:17,(anonymous_6)
FNF:7
FNH:3
FNDA:1,(anonymous_0)
FNDA:2,EventObserver
FNDA:0,(anonymous_2)
FNDA:0,(anonymous_3)
FNDA:0,(anonymous_4)
FNDA:8,(anonymous_5)
FNDA:0,(anonymous_6)
DA:1,1
DA:5,2
DA:8,1
DA:9,0
DA:12,1
DA:13,0
DA:16,1
DA:17,8
DA:18,0
DA:21,1
DA:23,1
LF:11
LH:8
BRF:0
BRH:0
end_of_record
TN:
SF:src\plugin\Model\Model.ts
FN:7,(anonymous_2)
FN:14,Model
FN:22,(anonymous_4)
FN:25,(anonymous_5)
FN:26,(anonymous_6)
FN:35,(anonymous_7)
FN:41,(anonymous_8)
FN:45,(anonymous_9)
FN:114,(anonymous_10)
FN:118,(anonymous_11)
FN:122,(anonymous_12)
FN:126,(anonymous_13)
FN:142,(anonymous_14)
FNF:13
FNH:13
FNDA:1,(anonymous_2)
FNDA:1,Model
FNDA:57,(anonymous_4)
FNDA:3,(anonymous_5)
FNDA:8,(anonymous_6)
FNDA:40,(anonymous_7)
FNDA:9,(anonymous_8)
FNDA:8,(anonymous_9)
FNDA:9,(anonymous_10)
FNDA:23,(anonymous_11)
FNDA:16,(anonymous_12)
FNDA:1,(anonymous_13)
FNDA:4,(anonymous_14)
DA:2,1
DA:3,1
DA:7,1
DA:9,1
DA:10,1
DA:15,1
DA:16,1
DA:22,1
DA:23,57
DA:25,3
DA:26,8
DA:27,8
DA:29,3
DA:35,1
DA:36,40
DA:37,40
DA:38,40
DA:41,1
DA:42,9
DA:45,1
DA:48,8
DA:50,8
DA:51,8
DA:52,8
DA:53,8
DA:54,8
DA:55,8
DA:56,8
DA:58,8
DA:59,8
DA:60,8
DA:61,8
DA:62,8
DA:64,8
DA:65,8
DA:66,8
DA:67,8
DA:68,8
DA:70,8
DA:75,1
DA:77,1
DA:78,0
DA:80,1
DA:82,1
DA:84,0
DA:86,1
DA:88,2
DA:90,0
DA:92,2
DA:95,1
DA:96,1
DA:97,1
DA:98,1
DA:100,2
DA:101,2
DA:102,2
DA:103,2
DA:104,0
DA:114,1
DA:115,9
DA:116,9
DA:118,1
DA:119,23
DA:120,23
DA:122,1
DA:123,16
DA:124,16
DA:126,1
DA:127,1
DA:128,1
DA:130,0
DA:131,0
DA:133,1
DA:134,1
DA:138,1
DA:142,1
DA:144,4
DA:145,4
DA:146,4
DA:147,4
DA:148,4
DA:149,4
DA:150,4
DA:151,4
DA:152,4
DA:153,4
DA:154,4
DA:155,4
DA:164,1
DA:169,1
LF:90
LH:84
BRDA:25,0,0,0
BRDA:25,0,1,3
BRDA:38,1,0,32
BRDA:38,1,1,8
BRDA:42,2,0,7
BRDA:42,2,1,2
BRDA:48,3,0,0
BRDA:48,3,1,8
BRDA:56,4,0,6
BRDA:56,4,1,2
BRDA:58,5,0,7
BRDA:58,5,1,1
BRDA:59,6,0,7
BRDA:59,6,1,1
BRDA:60,7,0,6
BRDA:60,7,1,2
BRDA:61,8,0,6
BRDA:61,8,1,2
BRDA:62,9,0,6
BRDA:62,9,1,2
BRDA:64,10,0,8
BRDA:64,10,1,8
BRDA:71,11,0,0
BRDA:71,11,1,0
BRDA:71,11,2,0
BRDA:71,11,3,1
BRDA:71,11,4,1
BRDA:71,11,5,1
BRDA:71,11,6,2
BRDA:71,11,7,1
BRDA:71,11,8,2
BRDA:71,11,9,0
BRDA:77,12,0,0
BRDA:77,12,1,1
BRDA:82,13,0,0
BRDA:82,13,1,1
BRDA:88,14,0,0
BRDA:88,14,1,2
BRDA:95,15,0,0
BRDA:95,15,1,1
BRDA:95,16,0,1
BRDA:95,16,1,1
BRDA:95,17,0,0
BRDA:95,17,1,0
BRDA:96,18,0,0
BRDA:96,18,1,1
BRDA:97,19,0,0
BRDA:97,19,1,1
BRDA:100,20,0,0
BRDA:100,20,1,2
BRDA:100,21,0,0
BRDA:100,21,1,0
BRDA:101,22,0,0
BRDA:101,22,1,2
BRDA:102,23,0,0
BRDA:102,23,1,2
BRDA:129,24,0,0
BRDA:129,24,1,1
BRDA:129,24,2,0
BRF:59
BRH:38
end_of_record
TN:
SF:src\plugin\Model\defaultOptions.ts
FNF:0
FNH:0
DA:3,1
DA:14,1
LF:2
LH:2
BRF:0
BRH:0
end_of_record
TN:
SF:src\plugin\View\TipView\TipView.ts
FN:2,(anonymous_0)
FN:6,TipView
FN:10,(anonymous_2)
FN:14,(anonymous_3)
FNF:4
FNH:4
FNDA:1,(anonymous_0)
FNDA:1,TipView
FNDA:1,(anonymous_2)
FNDA:1,(anonymous_3)
DA:2,1
DA:7,1
DA:10,1
DA:11,1
DA:12,1
DA:14,1
DA:15,1
DA:19,1
DA:23,1
LF:9
LH:9
BRF:0
BRH:0
end_of_record
