TN:
SF:src\plugin\EventObserver\EventObserver.ts
FN:1,(anonymous_0)
FN:4,EventObserver
FN:8,(anonymous_2)
FN:12,(anonymous_3)
FN:13,(anonymous_4)
FN:16,(anonymous_5)
FN:17,(anonymous_6)
FNF:7
FNH:5
FNDA:5,(anonymous_0)
FNDA:32,EventObserver
FNDA:13,(anonymous_2)
FNDA:0,(anonymous_3)
FNDA:0,(anonymous_4)
FNDA:80,(anonymous_5)
FNDA:7,(anonymous_6)
DA:1,5
DA:5,32
DA:8,5
DA:9,13
DA:12,5
DA:13,0
DA:16,5
DA:17,80
DA:18,7
DA:21,5
DA:23,5
LF:11
LH:10
BRF:0
BRH:0
end_of_record
TN:
SF:src\plugin\Model\Model.ts
FN:7,(anonymous_2)
FN:14,Model
FN:22,(anonymous_4)
FN:25,(anonymous_5)
FN:26,(anonymous_6)
FN:35,(anonymous_7)
FN:41,(anonymous_8)
FN:45,(anonymous_9)
FN:111,(anonymous_10)
FN:115,(anonymous_11)
FN:119,(anonymous_12)
FN:123,(anonymous_13)
FN:139,(anonymous_14)
FNF:13
FNH:13
FNDA:2,(anonymous_2)
FNDA:11,Model
FNDA:526,(anonymous_4)
FNDA:37,(anonymous_5)
FNDA:96,(anonymous_6)
FNDA:480,(anonymous_7)
FNDA:120,(anonymous_8)
FNDA:96,(anonymous_9)
FNDA:81,(anonymous_10)
FNDA:182,(anonymous_11)
FNDA:157,(anonymous_12)
FNDA:2,(anonymous_13)
FNDA:39,(anonymous_14)
DA:2,2
DA:3,2
DA:7,2
DA:9,11
DA:10,11
DA:15,11
DA:16,11
DA:22,2
DA:23,526
DA:25,37
DA:26,96
DA:27,96
DA:29,37
DA:35,2
DA:36,480
DA:37,480
DA:38,480
DA:41,2
DA:42,120
DA:45,2
DA:48,96
DA:50,96
DA:51,96
DA:52,96
DA:53,96
DA:54,96
DA:55,96
DA:56,96
DA:58,96
DA:59,96
DA:60,96
DA:61,96
DA:62,96
DA:64,96
DA:65,96
DA:66,96
DA:67,96
DA:68,96
DA:70,96
DA:75,24
DA:77,16
DA:78,1
DA:80,15
DA:82,17
DA:83,1
DA:85,16
DA:87,18
DA:88,1
DA:90,17
DA:92,11
DA:93,11
DA:94,11
DA:95,10
DA:97,10
DA:98,10
DA:99,10
DA:100,10
DA:101,0
DA:111,2
DA:112,81
DA:113,81
DA:115,2
DA:116,182
DA:117,182
DA:119,2
DA:120,157
DA:121,157
DA:123,2
DA:124,2
DA:125,2
DA:127,1
DA:128,1
DA:130,1
DA:131,1
DA:135,2
DA:139,2
DA:141,39
DA:142,39
DA:143,39
DA:144,39
DA:145,39
DA:146,39
DA:147,39
DA:148,39
DA:149,39
DA:150,39
DA:151,39
DA:152,39
DA:161,2
DA:166,2
LF:90
LH:89
BRDA:25,0,0,0
BRDA:25,0,1,37
BRDA:38,1,0,343
BRDA:38,1,1,137
BRDA:42,2,0,107
BRDA:42,2,1,13
BRDA:48,3,0,0
BRDA:48,3,1,96
BRDA:56,4,0,52
BRDA:56,4,1,44
BRDA:58,5,0,51
BRDA:58,5,1,45
BRDA:59,6,0,81
BRDA:59,6,1,15
BRDA:60,7,0,79
BRDA:60,7,1,17
BRDA:61,8,0,80
BRDA:61,8,1,16
BRDA:62,9,0,83
BRDA:62,9,1,13
BRDA:64,10,0,96
BRDA:64,10,1,95
BRDA:71,11,0,3
BRDA:71,11,1,3
BRDA:71,11,2,6
BRDA:71,11,3,24
BRDA:71,11,4,16
BRDA:71,11,5,17
BRDA:71,11,6,18
BRDA:71,11,7,11
BRDA:71,11,8,10
BRDA:71,11,9,0
BRDA:77,12,0,1
BRDA:77,12,1,15
BRDA:82,13,0,1
BRDA:82,13,1,16
BRDA:87,14,0,1
BRDA:87,14,1,17
BRDA:92,15,0,0
BRDA:92,15,1,11
BRDA:92,16,0,11
BRDA:92,16,1,7
BRDA:92,17,0,0
BRDA:92,17,1,0
BRDA:93,18,0,0
BRDA:93,18,1,11
BRDA:94,19,0,1
BRDA:94,19,1,10
BRDA:97,20,0,0
BRDA:97,20,1,10
BRDA:97,21,0,0
BRDA:97,21,1,0
BRDA:98,22,0,0
BRDA:98,22,1,10
BRDA:99,23,0,0
BRDA:99,23,1,10
BRDA:126,24,0,1
BRDA:126,24,1,1
BRDA:126,24,2,0
BRF:59
BRH:46
end_of_record
TN:
SF:src\plugin\Model\defaultOptions.ts
FNF:0
FNH:0
DA:3,2
DA:14,2
LF:2
LH:2
BRF:0
BRH:0
end_of_record
TN:
SF:src\plugin\Presenter\Presenter.ts
FN:9,(anonymous_1)
FN:15,Presenter
FN:26,(anonymous_3)
FN:30,(anonymous_4)
FN:31,(anonymous_5)
FN:33,(anonymous_6)
FN:38,(anonymous_7)
FN:46,(anonymous_8)
FN:56,(anonymous_9)
FN:76,(anonymous_10)
FNF:10
FNH:9
FNDA:1,(anonymous_1)
FNDA:1,Presenter
FNDA:4,(anonymous_3)
FNDA:1,(anonymous_4)
FNDA:1,(anonymous_5)
FNDA:1,(anonymous_6)
FNDA:1,(anonymous_7)
FNDA:0,(anonymous_8)
FNDA:3,(anonymous_9)
FNDA:3,(anonymous_10)
DA:1,1
DA:9,1
DA:16,1
DA:17,1
DA:18,1
DA:19,1
DA:20,1
DA:26,2
DA:27,4
DA:29,1
DA:30,2
DA:31,1
DA:33,1
DA:34,1
DA:35,1
DA:38,1
DA:39,1
DA:40,1
DA:41,1
DA:46,1
DA:51,0
DA:52,0
DA:56,1
DA:63,12
DA:65,3
DA:76,2
DA:81,3
DA:87,1
DA:92,1
LF:29
LH:27
BRF:0
BRH:0
end_of_record
TN:
SF:src\plugin\View\formuls.ts
FN:1,calculateToPercents
FN:13,calculateToPixels
FN:24,calculateValueToPercents
FNF:3
FNH:3
FNDA:11,calculateToPercents
FNDA:4,calculateToPixels
FNDA:4,calculateValueToPercents
DA:1,4
DA:6,33
DA:7,11
DA:8,11
DA:9,11
DA:13,4
DA:18,12
DA:19,4
DA:20,4
DA:21,4
DA:24,4
DA:26,4
LF:12
LH:12
BRDA:7,0,0,5
BRDA:7,0,1,6
BRDA:19,1,0,2
BRDA:19,1,1,2
BRF:4
BRH:4
end_of_record
TN:
SF:src\plugin\View\MainView\MainView.ts
FN:7,(anonymous_0)
FN:19,MainView
FN:30,(anonymous_2)
FN:36,(anonymous_3)
FN:58,(anonymous_4)
FN:70,(anonymous_5)
FN:123,(anonymous_6)
FN:142,(anonymous_7)
FN:159,(anonymous_8)
FNF:9
FNH:9
FNDA:2,(anonymous_0)
FNDA:2,MainView
FNDA:2,(anonymous_2)
FNDA:3,(anonymous_3)
FNDA:3,(anonymous_4)
FNDA:6,(anonymous_5)
FNDA:4,(anonymous_6)
FNDA:3,(anonymous_7)
FNDA:5,(anonymous_8)
DA:3,2
DA:7,2
DA:20,2
DA:21,2
DA:24,10
DA:26,2
DA:30,2
DA:31,2
DA:32,2
DA:33,2
DA:36,2
DA:37,9
DA:38,3
DA:39,1
DA:42,2
DA:44,3
DA:45,2
DA:47,3
DA:48,3
DA:49,3
DA:50,3
DA:51,2
DA:54,1
DA:58,2
DA:60,3
DA:61,2
DA:62,2
DA:63,2
DA:64,2
DA:67,1
DA:70,2
DA:71,30
DA:72,6
DA:73,4
DA:74,4
DA:75,1
DA:79,2
DA:80,2
DA:81,2
DA:82,2
DA:83,2
DA:87,6
DA:88,4
DA:89,4
DA:90,4
DA:91,1
DA:92,1
DA:94,4
DA:95,4
DA:96,4
DA:97,4
DA:98,4
DA:103,2
DA:104,2
DA:105,2
DA:106,1
DA:107,1
DA:109,2
DA:110,2
DA:111,2
DA:112,2
DA:113,2
DA:115,6
DA:116,2
DA:119,4
DA:123,2
DA:130,20
DA:131,4
DA:136,4
DA:137,4
DA:138,4
DA:142,2
DA:148,6
DA:149,3
DA:150,3
DA:151,3
DA:155,0
DA:159,2
DA:160,20
DA:162,5
DA:163,5
DA:168,2
DA:170,2
LF:83
LH:82
BRDA:38,0,0,1
BRDA:38,0,1,2
BRDA:44,1,0,2
BRDA:44,1,1,1
BRDA:50,2,0,2
BRDA:50,2,1,1
BRDA:60,3,0,2
BRDA:60,3,1,1
BRDA:63,4,0,0
BRDA:63,4,1,2
BRDA:72,5,0,4
BRDA:72,5,1,2
BRDA:74,6,0,1
BRDA:74,6,1,3
BRDA:81,7,0,2
BRDA:81,7,1,0
BRDA:87,8,0,4
BRDA:87,8,1,2
BRDA:90,9,0,1
BRDA:90,9,1,3
BRDA:105,10,0,1
BRDA:105,10,1,1
BRDA:115,11,0,2
BRDA:115,11,1,4
BRDA:119,12,0,1
BRDA:119,12,1,3
BRDA:137,13,0,3
BRDA:137,13,1,1
BRDA:149,14,0,3
BRDA:149,14,1,0
BRDA:151,15,0,0
BRDA:151,15,1,3
BRF:32
BRH:28
end_of_record
TN:
SF:src\plugin\View\RangePathLine\RangePathLine.ts
FN:1,(anonymous_0)
FN:4,RangePathLine
FN:10,(anonymous_2)
FNF:3
FNH:3
FNDA:4,(anonymous_0)
FNDA:4,RangePathLine
FNDA:4,(anonymous_2)
DA:1,4
DA:6,4
DA:10,4
DA:12,4
DA:13,4
DA:14,4
DA:15,4
DA:20,4
DA:24,4
LF:9
LH:9
BRF:0
BRH:0
end_of_record
TN:
SF:src\plugin\View\Scale\Scale.ts
FN:4,(anonymous_0)
FN:16,Scale
FN:21,(anonymous_2)
FN:47,(anonymous_3)
FNF:4
FNH:4
FNDA:4,(anonymous_0)
FNDA:8,Scale
FNDA:8,(anonymous_2)
FNDA:6,(anonymous_3)
DA:4,4
DA:17,8
DA:21,4
DA:23,8
DA:24,8
DA:25,8
DA:26,8
DA:27,8
DA:28,8
DA:29,8
DA:30,8
DA:31,8
DA:32,8
DA:33,8
DA:34,8
DA:35,8
DA:36,8
DA:37,8
DA:38,8
DA:39,8
DA:40,8
DA:41,8
DA:42,8
DA:47,4
DA:48,6
DA:59,4
DA:61,4
LF:27
LH:27
BRF:0
BRH:0
end_of_record
TN:
SF:src\plugin\View\SliderPath\SliderPath.ts
FN:10,(anonymous_1)
FN:39,SliderPath
FN:48,(anonymous_3)
FN:59,(anonymous_4)
FN:68,(anonymous_5)
FN:74,(anonymous_6)
FN:86,(anonymous_7)
FN:109,(anonymous_8)
FN:114,(anonymous_9)
FN:118,(anonymous_10)
FN:125,(anonymous_11)
FN:157,(anonymous_12)
FN:161,(anonymous_13)
FN:167,(anonymous_14)
FN:172,(anonymous_15)
FN:218,(anonymous_16)
FN:284,(anonymous_17)
FN:291,(anonymous_18)
FN:295,(anonymous_19)
FN:302,(anonymous_20)
FN:310,(anonymous_21)
FN:325,(anonymous_22)
FNF:22
FNH:17
FNDA:3,(anonymous_1)
FNDA:3,SliderPath
FNDA:3,(anonymous_3)
FNDA:3,(anonymous_4)
FNDA:3,(anonymous_5)
FNDA:4,(anonymous_6)
FNDA:8,(anonymous_7)
FNDA:6,(anonymous_8)
FNDA:6,(anonymous_9)
FNDA:5,(anonymous_10)
FNDA:4,(anonymous_11)
FNDA:6,(anonymous_12)
FNDA:10,(anonymous_13)
FNDA:6,(anonymous_14)
FNDA:4,(anonymous_15)
FNDA:4,(anonymous_16)
FNDA:0,(anonymous_17)
FNDA:0,(anonymous_18)
FNDA:9,(anonymous_19)
FNDA:0,(anonymous_20)
FNDA:0,(anonymous_21)
FNDA:0,(anonymous_22)
DA:1,3
DA:2,3
DA:3,3
DA:4,3
DA:5,3
DA:7,3
DA:10,3
DA:11,3
DA:41,3
DA:48,3
DA:49,3
DA:50,3
DA:51,3
DA:52,3
DA:53,3
DA:54,3
DA:55,3
DA:59,3
DA:60,3
DA:61,3
DA:62,3
DA:63,3
DA:64,3
DA:65,3
DA:68,3
DA:69,3
DA:70,3
DA:71,3
DA:74,3
DA:79,12
DA:80,4
DA:81,4
DA:82,4
DA:86,6
DA:87,16
DA:88,8
DA:89,6
DA:90,2
DA:91,2
DA:94,4
DA:95,4
DA:99,2
DA:100,1
DA:101,1
DA:104,1
DA:105,1
DA:109,3
DA:110,6
DA:111,6
DA:114,3
DA:115,6
DA:118,3
DA:119,5
DA:120,5
DA:125,6
DA:126,4
DA:128,4
DA:129,4
DA:130,4
DA:131,4
DA:132,2
DA:133,1
DA:134,1
DA:135,1
DA:136,1
DA:140,1
DA:145,2
DA:146,1
DA:147,1
DA:148,1
DA:149,1
DA:152,1
DA:157,3
DA:158,6
DA:159,6
DA:161,3
DA:162,10
DA:163,10
DA:164,10
DA:167,3
DA:168,6
DA:169,6
DA:172,3
DA:173,4
DA:176,4
DA:177,4
DA:178,2
DA:179,2
DA:180,2
DA:181,2
DA:182,1
DA:184,1
DA:185,1
DA:188,1
DA:190,2
DA:191,2
DA:192,2
DA:193,2
DA:194,2
DA:197,2
DA:198,2
DA:199,2
DA:200,2
DA:201,1
DA:202,1
DA:203,1
DA:207,1
DA:209,2
DA:210,2
DA:211,2
DA:212,2
DA:213,2
DA:218,3
DA:220,4
DA:221,2
DA:222,1
DA:223,1
DA:224,0
DA:226,1
DA:228,1
DA:229,0
DA:232,1
DA:233,1
DA:234,1
DA:237,1
DA:238,1
DA:239,0
DA:241,1
DA:243,1
DA:244,0
DA:246,1
DA:251,2
DA:252,1
DA:253,1
DA:254,0
DA:256,1
DA:258,1
DA:259,1
DA:262,1
DA:263,1
DA:264,1
DA:267,1
DA:268,1
DA:269,0
DA:271,1
DA:273,1
DA:274,1
DA:277,1
DA:284,3
DA:286,0
DA:287,0
DA:291,3
DA:292,0
DA:295,3
DA:296,9
DA:297,9
DA:302,3
DA:303,0
DA:304,0
DA:305,0
DA:310,3
DA:312,0
DA:314,0
DA:315,0
DA:317,0
DA:318,0
DA:321,0
DA:325,3
DA:326,0
DA:327,0
DA:328,0
DA:329,0
DA:334,3
DA:337,3
LF:174
LH:152
BRDA:81,0,0,1
BRDA:81,0,1,3
BRDA:88,1,0,6
BRDA:88,1,1,2
BRDA:89,2,0,2
BRDA:89,2,1,4
BRDA:99,3,0,1
BRDA:99,3,1,1
BRDA:131,4,0,2
BRDA:131,4,1,2
BRDA:132,5,0,1
BRDA:132,5,1,1
BRDA:135,6,0,0
BRDA:135,6,1,1
BRDA:136,7,0,0
BRDA:136,7,1,1
BRDA:145,8,0,1
BRDA:145,8,1,1
BRDA:148,9,0,0
BRDA:148,9,1,1
BRDA:149,10,0,1
BRDA:149,10,1,0
BRDA:177,11,0,2
BRDA:177,11,1,2
BRDA:181,12,0,1
BRDA:181,12,1,1
BRDA:184,13,0,0
BRDA:184,13,1,1
BRDA:185,14,0,0
BRDA:185,14,1,1
BRDA:200,15,0,1
BRDA:200,15,1,1
BRDA:202,16,0,0
BRDA:202,16,1,1
BRDA:203,17,0,1
BRDA:203,17,1,0
BRDA:220,18,0,2
BRDA:220,18,1,2
BRDA:221,19,0,1
BRDA:221,19,1,1
BRDA:223,20,0,0
BRDA:223,20,1,1
BRDA:228,21,0,0
BRDA:228,21,1,1
BRDA:233,22,0,0
BRDA:233,22,1,1
BRDA:233,23,0,1
BRDA:233,23,1,0
BRDA:234,24,0,0
BRDA:234,24,1,1
BRDA:234,25,0,1
BRDA:234,25,1,0
BRDA:238,26,0,0
BRDA:238,26,1,1
BRDA:243,27,0,0
BRDA:243,27,1,1
BRDA:251,28,0,1
BRDA:251,28,1,1
BRDA:253,29,0,0
BRDA:253,29,1,1
BRDA:258,30,0,1
BRDA:258,30,1,0
BRDA:263,31,0,0
BRDA:263,31,1,1
BRDA:263,32,0,1
BRDA:263,32,1,0
BRDA:264,33,0,0
BRDA:264,33,1,1
BRDA:264,34,0,1
BRDA:264,34,1,0
BRDA:268,35,0,0
BRDA:268,35,1,1
BRDA:273,36,0,1
BRDA:273,36,1,0
BRDA:297,37,0,3
BRDA:297,37,1,6
BRDA:313,38,0,0
BRDA:313,38,1,0
BRDA:313,38,2,0
BRDA:314,39,0,0
BRDA:314,39,1,0
BRDA:327,40,0,0
BRDA:327,40,1,0
BRDA:327,40,2,0
BRF:84
BRH:52
end_of_record
TN:
SF:src\plugin\View\ThumbView\ThumbView.ts
FN:7,(anonymous_0)
FN:22,ThumbView
FN:27,(anonymous_2)
FN:36,(anonymous_3)
FN:47,(anonymous_4)
FN:51,(anonymous_5)
FN:56,(anonymous_6)
FN:61,(anonymous_7)
FN:84,(anonymous_8)
FN:114,(anonymous_9)
FN:121,(anonymous_10)
FN:127,(anonymous_11)
FNF:12
FNH:10
FNDA:4,(anonymous_0)
FNDA:7,ThumbView
FNDA:7,(anonymous_2)
FNDA:7,(anonymous_3)
FNDA:13,(anonymous_4)
FNDA:12,(anonymous_5)
FNDA:13,(anonymous_6)
FNDA:2,(anonymous_7)
FNDA:2,(anonymous_8)
FNDA:0,(anonymous_9)
FNDA:0,(anonymous_10)
FNDA:2,(anonymous_11)
DA:1,4
DA:3,4
DA:4,4
DA:7,4
DA:20,7
DA:23,7
DA:24,7
DA:27,4
DA:28,7
DA:29,7
DA:30,7
DA:31,7
DA:36,4
DA:37,7
DA:38,14
DA:39,7
DA:40,6
DA:44,1
DA:47,4
DA:48,13
DA:49,13
DA:51,4
DA:52,12
DA:53,12
DA:54,12
DA:56,4
DA:57,13
DA:58,13
DA:61,4
DA:62,2
DA:63,2
DA:64,1
DA:65,1
DA:66,1
DA:67,1
DA:68,1
DA:69,1
DA:72,1
DA:73,1
DA:74,1
DA:75,1
DA:76,1
DA:77,1
DA:84,4
DA:87,2
DA:88,1
DA:89,1
DA:90,0
DA:92,1
DA:94,1
DA:95,0
DA:97,1
DA:100,1
DA:101,1
DA:102,0
DA:104,1
DA:106,1
DA:107,1
DA:110,1
DA:114,4
DA:116,0
DA:117,0
DA:121,4
DA:122,0
DA:127,4
DA:128,4
DA:129,2
DA:145,4
DA:147,4
LF:69
LH:63
BRDA:39,0,0,6
BRDA:39,0,1,1
BRDA:63,1,0,1
BRDA:63,1,1,1
BRDA:87,2,0,1
BRDA:87,2,1,1
BRDA:89,3,0,0
BRDA:89,3,1,1
BRDA:94,4,0,0
BRDA:94,4,1,1
BRDA:101,5,0,0
BRDA:101,5,1,1
BRDA:106,6,0,1
BRDA:106,6,1,0
BRF:14
BRH:10
end_of_record
TN:
SF:src\plugin\View\TipView\TipView.ts
FN:2,(anonymous_0)
FN:6,TipView
FN:10,(anonymous_2)
FN:14,(anonymous_3)
FNF:4
FNH:4
FNDA:5,(anonymous_0)
FNDA:8,TipView
FNDA:8,(anonymous_2)
FNDA:4,(anonymous_3)
DA:2,5
DA:7,8
DA:10,5
DA:11,8
DA:12,8
DA:14,5
DA:15,4
DA:19,5
DA:23,5
LF:9
LH:9
BRF:0
BRH:0
end_of_record
